Log file open, 03/14/17 19:12:40
LogInit:Display: Running engine for game: Práctica2_ArnauJavi
LogPlatformFile: Not using cached read wrapper
LogInit:Display: RandInit(-338039083) SRandInit(-338039083).
LogTaskGraph: Started task graph with 5 named threads and 8 total threads with 1 sets of task threads.
LogStats: Stats thread started at 0.134477
LogPluginManager: Loaded Plugin Paper2D, From C:/Program Files/Epic Games/4.14/Engine/Plugins/2D/Paper2D/Paper2D.uplugin
LogPluginManager: Loaded Plugin LightPropagationVolume, From C:/Program Files/Epic Games/4.14/Engine/Plugins/Blendables/LightPropagationVolume/LightPropagationVolume.uplugin
LogPluginManager: Loaded Plugin BlankPlugin, From C:/Program Files/Epic Games/4.14/Engine/Plugins/Developer/BlankPlugin/BlankPlugin.uplugin
LogPluginManager: Loaded Plugin CodeLiteSourceCodeAccess, From C:/Program Files/Epic Games/4.14/Engine/Plugins/Developer/CodeLiteSourceCodeAccess/CodeLiteSourceCodeAccess.uplugin
LogPluginManager: Loaded Plugin GitSourceControl, From C:/Program Files/Epic Games/4.14/Engine/Plugins/Developer/GitSourceControl/GitSourceControl.uplugin
LogPluginManager: Loaded Plugin KDevelopSourceCodeAccess, From C:/Program Files/Epic Games/4.14/Engine/Plugins/Developer/KDevelopSourceCodeAccess/KDevelopSourceCodeAccess.uplugin
LogPluginManager: Loaded Plugin NullSourceCodeAccess, From C:/Program Files/Epic Games/4.14/Engine/Plugins/Developer/NullSourceCodeAccess/NullSourceCodeAccess.uplugin
LogPluginManager: Loaded Plugin OneSkyLocalizationService, From C:/Program Files/Epic Games/4.14/Engine/Plugins/Developer/OneSkyLocalizationService/OneSkyLocalizationService.uplugin
LogPluginManager: Loaded Plugin PerforceSourceControl, From C:/Program Files/Epic Games/4.14/Engine/Plugins/Developer/PerforceSourceControl/PerforceSourceControl.uplugin
LogPluginManager: Loaded Plugin SubversionSourceControl, From C:/Program Files/Epic Games/4.14/Engine/Plugins/Developer/SubversionSourceControl/SubversionSourceControl.uplugin
LogPluginManager: Loaded Plugin UObjectPlugin, From C:/Program Files/Epic Games/4.14/Engine/Plugins/Developer/UObjectPlugin/UObjectPlugin.uplugin
LogPluginManager: Loaded Plugin VisualStudioSourceCodeAccess, From C:/Program Files/Epic Games/4.14/Engine/Plugins/Developer/VisualStudioSourceCodeAccess/VisualStudioSourceCodeAccess.uplugin
LogPluginManager: Loaded Plugin XCodeSourceCodeAccess, From C:/Program Files/Epic Games/4.14/Engine/Plugins/Developer/XCodeSourceCodeAccess/XCodeSourceCodeAccess.uplugin
LogPluginManager: Loaded Plugin AudioCapture, From C:/Program Files/Epic Games/4.14/Engine/Plugins/Editor/AudioCapture/AudioCapture.uplugin
LogPluginManager: Loaded Plugin EpicSurvey, From C:/Program Files/Epic Games/4.14/Engine/Plugins/Editor/EpicSurvey/EpicSurvey.uplugin
LogPluginManager: Loaded Plugin MacGraphicsSwitching, From C:/Program Files/Epic Games/4.14/Engine/Plugins/Editor/MacGraphicsSwitching/MacGraphicsSwitching.uplugin
LogPluginManager: Loaded Plugin MobileLauncherProfileWizard, From C:/Program Files/Epic Games/4.14/Engine/Plugins/Editor/MobileLauncherProfileWizard/MobileLauncherProfileWizard.uplugin
LogPluginManager: Loaded Plugin PluginBrowser, From C:/Program Files/Epic Games/4.14/Engine/Plugins/Editor/PluginBrowser/PluginBrowser.uplugin
LogPluginManager: Loaded Plugin SpeedTreeImporter, From C:/Program Files/Epic Games/4.14/Engine/Plugins/Editor/SpeedTreeImporter/SpeedTreeImporter.uplugin
LogPluginManager: Loaded Plugin SuperSearchEditor, From C:/Program Files/Epic Games/4.14/Engine/Plugins/Editor/SuperSearchEditor/SuperSearchEditor.uplugin
LogPluginManager: Loaded Plugin AlembicImporter, From C:/Program Files/Epic Games/4.14/Engine/Plugins/Experimental/AlembicImporter/AlembicImporter.uplugin
LogPluginManager: Loaded Plugin BlueprintStats, From C:/Program Files/Epic Games/4.14/Engine/Plugins/Experimental/BlueprintStats/BlueprintStats.uplugin
LogPluginManager: Loaded Plugin CharacterAI, From C:/Program Files/Epic Games/4.14/Engine/Plugins/Experimental/CharacterAI/CharacterAI.uplugin
LogPluginManager: Loaded Plugin CodeEditor, From C:/Program Files/Epic Games/4.14/Engine/Plugins/Experimental/CodeEditor/CodeEditor.uplugin
LogPluginManager: Loaded Plugin CodeView, From C:/Program Files/Epic Games/4.14/Engine/Plugins/Experimental/CodeView/CodeView.uplugin
LogPluginManager: Loaded Plugin HTML5Networking, From C:/Program Files/Epic Games/4.14/Engine/Plugins/Experimental/HTML5Networking/HTML5Networking.uplugin
LogPluginManager: Loaded Plugin OSVR, From C:/Program Files/Epic Games/4.14/Engine/Plugins/Experimental/OSVR/OSVR.uplugin
LogPluginManager: Loaded Plugin Phya, From C:/Program Files/Epic Games/4.14/Engine/Plugins/Experimental/Phya/Phya.uplugin
LogPluginManager: Loaded Plugin SignificanceManager, From C:/Program Files/Epic Games/4.14/Engine/Plugins/Experimental/SignificanceManager/SignificanceManager.uplugin
LogPluginManager: Loaded Plugin SimpleHMD, From C:/Program Files/Epic Games/4.14/Engine/Plugins/Experimental/SimpleHMD/SimpleHMD.uplugin
LogPluginManager: Loaded Plugin StereoPanorama, From C:/Program Files/Epic Games/4.14/Engine/Plugins/Experimental/StereoPanorama/StereoPanorama.uplugin
LogPluginManager: Loaded Plugin StructBox, From C:/Program Files/Epic Games/4.14/Engine/Plugins/Experimental/StructBox/StructBox.uplugin
LogPluginManager: Loaded Plugin AndroidMedia, From C:/Program Files/Epic Games/4.14/Engine/Plugins/Media/AndroidMedia/AndroidMedia.uplugin
LogPluginManager: Loaded Plugin AvfMedia, From C:/Program Files/Epic Games/4.14/Engine/Plugins/Media/AvfMedia/AvfMedia.uplugin
LogPluginManager: Loaded Plugin MediaPlayerEditor, From C:/Program Files/Epic Games/4.14/Engine/Plugins/Media/MediaPlayerEditor/MediaPlayerEditor.uplugin
LogPluginManager: Loaded Plugin WmfMedia, From C:/Program Files/Epic Games/4.14/Engine/Plugins/Media/WmfMedia/WmfMedia.uplugin
LogPluginManager: Loaded Plugin MessagingDebugger, From C:/Program Files/Epic Games/4.14/Engine/Plugins/Messaging/MessagingDebugger/MessagingDebugger.uplugin
LogPluginManager: Loaded Plugin TcpMessaging, From C:/Program Files/Epic Games/4.14/Engine/Plugins/Messaging/TcpMessaging/TcpMessaging.uplugin
LogPluginManager: Loaded Plugin UdpMessaging, From C:/Program Files/Epic Games/4.14/Engine/Plugins/Messaging/UdpMessaging/UdpMessaging.uplugin
LogPluginManager: Loaded Plugin LevelSequenceEditor, From C:/Program Files/Epic Games/4.14/Engine/Plugins/MovieScene/LevelSequenceEditor/LevelSequenceEditor.uplugin
LogPluginManager: Loaded Plugin MatineeToLevelSequence, From C:/Program Files/Epic Games/4.14/Engine/Plugins/MovieScene/MatineeToLevelSequence/MatineeToLevelSequence.uplugin
LogPluginManager: Loaded Plugin NetcodeUnitTest, From C:/Program Files/Epic Games/4.14/Engine/Plugins/NetcodeUnitTest/NetcodeUnitTest/NetcodeUnitTest.uplugin
LogPluginManager: Loaded Plugin NUTUnrealEngine4, From C:/Program Files/Epic Games/4.14/Engine/Plugins/NetcodeUnitTest/NUTUnrealEngine4/NUTUnrealEngine4.uplugin
LogPluginManager: Loaded Plugin OnlineSubsystemGameCircle, From C:/Program Files/Epic Games/4.14/Engine/Plugins/Online/Android/OnlineSubsystemGameCircle/OnlineSubsystemGameCircle.uplugin
LogPluginManager: Loaded Plugin OnlineSubsystemGooglePlay, From C:/Program Files/Epic Games/4.14/Engine/Plugins/Online/Android/OnlineSubsystemGooglePlay/OnlineSubsystemGooglePlay.uplugin
LogPluginManager: Loaded Plugin OnlineSubsystemIOS, From C:/Program Files/Epic Games/4.14/Engine/Plugins/Online/IOS/OnlineSubsystemIOS/OnlineSubsystemIOS.uplugin
LogPluginManager: Loaded Plugin OnlineFramework, From C:/Program Files/Epic Games/4.14/Engine/Plugins/Online/OnlineFramework/OnlineFramework.uplugin
LogPluginManager: Loaded Plugin OnlineSubsystem, From C:/Program Files/Epic Games/4.14/Engine/Plugins/Online/OnlineSubsystem/OnlineSubsystem.uplugin
LogPluginManager: Loaded Plugin OnlineSubsystemAmazon, From C:/Program Files/Epic Games/4.14/Engine/Plugins/Online/OnlineSubsystemAmazon/OnlineSubsystemAmazon.uplugin
LogPluginManager: Loaded Plugin OnlineSubsystemFacebook, From C:/Program Files/Epic Games/4.14/Engine/Plugins/Online/OnlineSubsystemFacebook/OnlineSubsystemFacebook.uplugin
LogPluginManager: Loaded Plugin OnlineSubsystemNull, From C:/Program Files/Epic Games/4.14/Engine/Plugins/Online/OnlineSubsystemNull/OnlineSubsystemNull.uplugin
LogPluginManager: Loaded Plugin OnlineSubsystemOculus, From C:/Program Files/Epic Games/4.14/Engine/Plugins/Online/OnlineSubsystemOculus/OnlineSubsystemOculus.uplugin
LogPluginManager: Loaded Plugin OnlineSubsystemSteam, From C:/Program Files/Epic Games/4.14/Engine/Plugins/Online/OnlineSubsystemSteam/OnlineSubsystemSteam.uplugin
LogPluginManager: Loaded Plugin OnlineSubsystemUtils, From C:/Program Files/Epic Games/4.14/Engine/Plugins/Online/OnlineSubsystemUtils/OnlineSubsystemUtils.uplugin
LogPluginManager: Loaded Plugin IOSTapJoy, From C:/Program Files/Epic Games/4.14/Engine/Plugins/Runtime/Advertising/IOSTapJoy/IOSTapJoy.uplugin
LogPluginManager: Loaded Plugin AnalyticsBlueprintLibrary, From C:/Program Files/Epic Games/4.14/Engine/Plugins/Runtime/Analytics/AnalyticsBlueprintLibrary/AnalyticsBlueprintLibrary.uplugin
LogPluginManager: Loaded Plugin AnalyticsMulticast, From C:/Program Files/Epic Games/4.14/Engine/Plugins/Runtime/Analytics/AnalyticsMulticast/AnalyticsMulticast.uplugin
LogPluginManager: Loaded Plugin Apsalar, From C:/Program Files/Epic Games/4.14/Engine/Plugins/Runtime/Analytics/Apsalar/Apsalar.uplugin
LogPluginManager: Loaded Plugin FileLogging, From C:/Program Files/Epic Games/4.14/Engine/Plugins/Runtime/Analytics/FileLogging/FileLogging.uplugin
LogPluginManager: Loaded Plugin Flurry, From C:/Program Files/Epic Games/4.14/Engine/Plugins/Runtime/Analytics/Flurry/Flurry.uplugin
LogPluginManager: Loaded Plugin AndroidDeviceProfileSelector, From C:/Program Files/Epic Games/4.14/Engine/Plugins/Runtime/AndroidDeviceProfileSelector/AndroidDeviceProfileSelector.uplugin
LogPluginManager: Loaded Plugin AndroidMoviePlayer, From C:/Program Files/Epic Games/4.14/Engine/Plugins/Runtime/AndroidMoviePlayer/AndroidMoviePlayer.uplugin
LogPluginManager: Loaded Plugin AppleMoviePlayer, From C:/Program Files/Epic Games/4.14/Engine/Plugins/Runtime/AppleMoviePlayer/AppleMoviePlayer.uplugin
LogPluginManager: Loaded Plugin ArchVisCharacter, From C:/Program Files/Epic Games/4.14/Engine/Plugins/Runtime/ArchVisCharacter/ArchVisCharacter.uplugin
LogPluginManager: Loaded Plugin CableComponent, From C:/Program Files/Epic Games/4.14/Engine/Plugins/Runtime/CableComponent/CableComponent.uplugin
LogPluginManager: Loaded Plugin CustomMeshComponent, From C:/Program Files/Epic Games/4.14/Engine/Plugins/Runtime/CustomMeshComponent/CustomMeshComponent.uplugin
LogPluginManager: Loaded Plugin ExampleDeviceProfileSelector, From C:/Program Files/Epic Games/4.14/Engine/Plugins/Runtime/ExampleDeviceProfileSelector/ExampleDeviceProfileSelector.uplugin
LogPluginManager: Loaded Plugin GearVR, From C:/Program Files/Epic Games/4.14/Engine/Plugins/Runtime/GearVR/GearVR.uplugin
LogPluginManager: Loaded Plugin GoogleVRController, From C:/Program Files/Epic Games/4.14/Engine/Plugins/Runtime/GoogleVR/GoogleVRController/GoogleVRController.uplugin
LogPluginManager: Loaded Plugin GoogleVRHMD, From C:/Program Files/Epic Games/4.14/Engine/Plugins/Runtime/GoogleVR/GoogleVRHMD/GoogleVRHMD.uplugin
LogPluginManager: Loaded Plugin IOSDeviceProfileSelector, From C:/Program Files/Epic Games/4.14/Engine/Plugins/Runtime/IOSDeviceProfileSelector/IOSDeviceProfileSelector.uplugin
LogPluginManager: Loaded Plugin LeapMotion, From C:/Program Files/Epic Games/4.14/Engine/Plugins/Runtime/LeapMotion/LeapMotion.uplugin
LogPluginManager: Loaded Plugin LinuxDeviceProfileSelector, From C:/Program Files/Epic Games/4.14/Engine/Plugins/Runtime/LinuxDeviceProfileSelector/LinuxDeviceProfileSelector.uplugin
LogPluginManager: Loaded Plugin MIDIDevice, From C:/Program Files/Epic Games/4.14/Engine/Plugins/Runtime/MIDIDevice/MIDIDevice.uplugin
LogPluginManager: Loaded Plugin MobilePatchingUtils, From C:/Program Files/Epic Games/4.14/Engine/Plugins/Runtime/MobilePatchingUtils/MobilePatchingUtils.uplugin
LogPluginManager: Loaded Plugin Ansel, From C:/Program Files/Epic Games/4.14/Engine/Plugins/Runtime/Nvidia/Ansel/Ansel.uplugin
LogPluginManager: Loaded Plugin OculusAudio, From C:/Program Files/Epic Games/4.14/Engine/Plugins/Runtime/OculusAudio/OculusAudio.uplugin
LogPluginManager: Loaded Plugin OculusInput, From C:/Program Files/Epic Games/4.14/Engine/Plugins/Runtime/OculusInput/OculusInput.uplugin
LogPluginManager: Loaded Plugin OculusLibrary, From C:/Program Files/Epic Games/4.14/Engine/Plugins/Runtime/OculusLibrary/OculusLibrary.uplugin
LogPluginManager: Loaded Plugin OculusRift, From C:/Program Files/Epic Games/4.14/Engine/Plugins/Runtime/OculusRift/OculusRift.uplugin
LogPluginManager: Loaded Plugin Oodle, From C:/Program Files/Epic Games/4.14/Engine/Plugins/Runtime/PacketHandlers/CompressionComponents/Oodle/Oodle.uplugin
LogPluginManager: Loaded Plugin ProceduralMeshComponent, From C:/Program Files/Epic Games/4.14/Engine/Plugins/Runtime/ProceduralMeshComponent/ProceduralMeshComponent.uplugin
LogPluginManager: Loaded Plugin SoundMod, From C:/Program Files/Epic Games/4.14/Engine/Plugins/Runtime/SoundMod/SoundMod.uplugin
LogPluginManager: Loaded Plugin SoundVisualizations, From C:/Program Files/Epic Games/4.14/Engine/Plugins/Runtime/SoundVisualizations/SoundVisualizations.uplugin
LogPluginManager: Loaded Plugin SteamController, From C:/Program Files/Epic Games/4.14/Engine/Plugins/Runtime/Steam/SteamController/SteamController.uplugin
LogPluginManager: Loaded Plugin SteamVR, From C:/Program Files/Epic Games/4.14/Engine/Plugins/Runtime/Steam/SteamVR/SteamVR.uplugin
LogPluginManager: Loaded Plugin WebBrowserWidget, From C:/Program Files/Epic Games/4.14/Engine/Plugins/Runtime/WebBrowserWidget/WebBrowserWidget.uplugin
LogPluginManager: Loaded Plugin WindowsDeviceProfileSelector, From C:/Program Files/Epic Games/4.14/Engine/Plugins/Runtime/WindowsDeviceProfileSelector/WindowsDeviceProfileSelector.uplugin
LogPluginManager: Loaded Plugin WindowsMoviePlayer, From C:/Program Files/Epic Games/4.14/Engine/Plugins/Runtime/WindowsMoviePlayer/WindowsMoviePlayer.uplugin
LogPluginManager: Loaded Plugin ScriptPlugin, From C:/Program Files/Epic Games/4.14/Engine/Plugins/ScriptPlugin/ScriptPlugin.uplugin
LogPluginManager: Loaded Plugin SlateRemote, From C:/Program Files/Epic Games/4.14/Engine/Plugins/Slate/SlateRemote/SlateRemote.uplugin
LogPluginManager: Loaded Plugin EditorTests, From C:/Program Files/Epic Games/4.14/Engine/Plugins/Tests/EditorTests/EditorTests.uplugin
LogPluginManager: Loaded Plugin FbxAutomationTestBuilder, From C:/Program Files/Epic Games/4.14/Engine/Plugins/Tests/FbxAutomationTestBuilder/FbxAutomationTestBuilder.uplugin
LogPluginManager: Loaded Plugin FunctionalTestingEditor, From C:/Program Files/Epic Games/4.14/Engine/Plugins/Tests/FunctionalTestingEditor/FunctionalTestingEditor.uplugin
LogPluginManager: Loaded Plugin RuntimeTests, From C:/Program Files/Epic Games/4.14/Engine/Plugins/Tests/RuntimeTests/RuntimeTests.uplugin
LogPluginManager: Loaded Plugin ScreenshotTools, From C:/Program Files/Epic Games/4.14/Engine/Plugins/Tests/ScreenshotTools/ScreenshotTools.uplugin
LogInit: Using libcurl 7.47.1
LogInit:  - built for x86_64-pc-win32
LogInit:  - supports SSL with OpenSSL/1.0.2g
LogInit:  - supports HTTP deflate (compression) using libz 1.2.8
LogInit:  - other features:
LogInit:      CURL_VERSION_SSL
LogInit:      CURL_VERSION_LIBZ
LogInit:      CURL_VERSION_IPV6
LogInit:      CURL_VERSION_ASYNCHDNS
LogInit:      CURL_VERSION_LARGEFILE
LogInit:      CURL_VERSION_IDN
LogInit:  CurlRequestOptions (configurable via config and command line):
LogInit:  - bVerifyPeer = false  - Libcurl will NOT verify peer certificate
LogInit:  - bUseHttpProxy = false  - Libcurl will NOT use HTTP proxy
LogInit:  - bDontReuseConnections = false  - Libcurl will reuse connections
LogInit:  - CertBundlePath = nullptr  - Libcurl will use whatever was configured at build time.
LogInit: Build: ++UE4+Release-4.14-CL-3249277
LogInit: Engine Version: 4.14.3-3249277+++UE4+Release-4.14
LogInit: Compatible Engine Version: 4.14.0-3195953+++UE4+Release-4.14
LogInit: Net CL: 3195953
LogDevObjectVersion: Number of dev versions registered: 13
LogDevObjectVersion:   Dev-Blueprints (B0D832E4-1F89-4F0D-ACCF-7EB736FD4AA2): 7
LogDevObjectVersion:   Dev-Build (E1C64328-A22C-4D53-A36C-8E866417BD8C): 0
LogDevObjectVersion:   Dev-Core (375EC13C-06E4-48FB-B500-84F0262A717E): 1
LogDevObjectVersion:   Dev-Editor (E4B068ED-F494-42E9-A231-DA0B2E46BB41): 8
LogDevObjectVersion:   Dev-Framework (CFFC743F-43B0-4480-9391-14DF171D2073): 17
LogDevObjectVersion:   Dev-Mobile (B02B49B5-BB20-44E9-A304-32B752E40360): 0
LogDevObjectVersion:   Dev-Networking (A4E4105C-59A1-49B5-A7C5-40C4547EDFEE): 0
LogDevObjectVersion:   Dev-Online (39C831C9-5AE6-47DC-9A44-9C173E1C8E7C): 0
LogDevObjectVersion:   Dev-Physics (78F01B33-EBEA-4F98-B9B4-84EACCB95AA2): 0
LogDevObjectVersion:   Dev-Platform (6631380F-2D4D-43E0-8009-CF276956A95A): 0
LogDevObjectVersion:   Dev-Rendering (12F88B9F-8875-4AFC-A67C-D90C383ABD29): 12
LogDevObjectVersion:   Dev-Sequencer (7B5AE74C-D270-4C10-A958-57980B212A5A): 1
LogDevObjectVersion:   Dev-VR (D7296918-1DD6-4BDD-9DE2-64A83CC13884): 0
LogInit: Compiled (64-bit): Jan  6 2017 10:49:43
LogInit: Compiled with Visual C++: 19.00.23026.00
LogInit: Build Configuration: Development
LogInit: Branch Name: ++UE4+Release-4.14
LogInit: Command line: -EpicPortal
LogInit: Base directory: C:/Program Files/Epic Games/4.14/Engine/Binaries/Win64/
LogInit: Installed Engine Build: 1
LogInit: Presizing for max 8388607 objects, including 0 objects not considered by GC, pre-allocating 0 bytes for permanent pool.
LogInit: Object subsystem initialized
[2017.03.14-18.12.40:875][  0]LogInit: Selected Device Profile: [Windows]
[2017.03.14-18.12.40:875][  0]LogInit: Applying CVar settings loaded from the selected device profile: [Windows]
[2017.03.14-18.12.40:890][  0]LogInit: Computer: ARNAU
[2017.03.14-18.12.40:890][  0]LogInit: User: ARNAU
[2017.03.14-18.12.40:890][  0]LogInit: CPU Page size=65536, Cores=4
[2017.03.14-18.12.40:890][  0]LogInit: High frequency timer resolution =2.240906 MHz
[2017.03.14-18.12.40:890][  0]LogMemory: Memory total: Physical=7.9GB (8GB approx)
[2017.03.14-18.12.40:890][  0]LogMemory: Platform Memory Stats for Windows
[2017.03.14-18.12.40:890][  0]LogMemory: Process Physical Memory: 263.86 MB used, 263.86 MB peak
[2017.03.14-18.12.40:890][  0]LogMemory: Process Virtual Memory: 262.85 MB used, 262.85 MB peak
[2017.03.14-18.12.40:890][  0]LogMemory: Physical Memory: 4449.55 MB used,  3662.82 MB free, 8112.37 MB total
[2017.03.14-18.12.40:890][  0]LogMemory: Virtual Memory: 676.55 MB used,  3662.82 MB free, 134217728.00 MB total
[2017.03.14-18.12.40:925][  0]LogInit: Overriding culture en with editor configuration.
[2017.03.14-18.12.42:230][  0]LogD3D11RHI: D3D11 adapters:
[2017.03.14-18.12.42:262][  0]LogD3D11RHI:    0. 'NVIDIA GeForce 820M' (Feature Level 11_0)
[2017.03.14-18.12.42:262][  0]LogD3D11RHI:       1999/0/4056 MB DedicatedVideo/DedicatedSystem/SharedSystem, Outputs:1, VendorId:0x10de
[2017.03.14-18.12.42:272][  0]LogD3D11RHI:    1. 'Intel(R) HD Graphics 4600' (Feature Level 11_0)
[2017.03.14-18.12.42:272][  0]LogD3D11RHI:       112/0/2048 MB DedicatedVideo/DedicatedSystem/SharedSystem, Outputs:0, VendorId:0x8086
[2017.03.14-18.12.42:275][  0]LogD3D11RHI:    2. 'Microsoft Basic Render Driver' (Feature Level 11_0)
[2017.03.14-18.12.42:275][  0]LogD3D11RHI:       0/0/4056 MB DedicatedVideo/DedicatedSystem/SharedSystem, Outputs:0, VendorId:0x1414
[2017.03.14-18.12.42:275][  0]LogD3D11RHI: Chosen D3D11 Adapter: 0
[2017.03.14-18.12.42:282][  0]LogD3D11RHI: Creating new Direct3DDevice
[2017.03.14-18.12.42:282][  0]LogD3D11RHI:     GPU DeviceId: 0x1140 (for the marketing name, search the web for "GPU Device Id")
[2017.03.14-18.12.42:282][  0]LogWindows: EnumDisplayDevices:
[2017.03.14-18.12.42:282][  0]LogWindows:    0. 'Intel(R) HD Graphics 4600' (P:1 D:1)
[2017.03.14-18.12.42:282][  0]LogWindows:    1. 'Intel(R) HD Graphics 4600' (P:0 D:0)
[2017.03.14-18.12.42:283][  0]LogWindows:    2. 'Intel(R) HD Graphics 4600' (P:0 D:0)
[2017.03.14-18.12.42:283][  0]LogWindows: DebugString: PrimaryIsNotTheChoosenAdapter PrimaryIsNotTheChoosenAdapter PrimaryIsNotTheChoosenAdapter FoundDriverCount:0 
[2017.03.14-18.12.42:283][  0]LogD3D11RHI:     Adapter Name: NVIDIA GeForce 820M
[2017.03.14-18.12.42:283][  0]LogD3D11RHI:   Driver Version: Unknown (internal:Unknown, unified:Unknown)
[2017.03.14-18.12.42:283][  0]LogD3D11RHI:      Driver Date: Unknown
[2017.03.14-18.12.42:283][  0]LogRHI: Texture pool is 1361 MB (70% of 1945 MB)
[2017.03.14-18.12.42:304][  0]LogD3D11RHI:Warning: Timestamp queries are currently disabled on this hardware due to instability. Realtime GPU stats will not be available. You can override this behaviour by setting r.NVIDIATimestampWorkaround to 0
[2017.03.14-18.12.42:304][  0]LogD3D11RHI: Async texture creation enabled
[2017.03.14-18.12.42:315][  0]LogD3D11RHI: GPU Timing Frequency: 1000.000000 (Debug: 2 1)
[2017.03.14-18.12.42:316][  0]LogShaderCompilers: Guid format shader working directory is -26 characters bigger than the processId version (../../../../../../Users/ARNAU/Desktop/P2_motors/trunk/Práctica2ArnauJavi/Intermediate/Shaders/WorkingDirectory/8868/).
[2017.03.14-18.12.42:316][  0]LogShaderCompilers: Cleaned the shader compiler working directory 'C:/Users/ARNAU/AppData/Local/Temp/UnrealShaderWorkingDir/35BFE7B44EFC188A102B1EAD70D87798/'.
[2017.03.14-18.12.42:316][  0]LogShaderCompilers:Display: Using Local Shader Compiler.
[2017.03.14-18.12.44:403][  0]LogTemp:Display: Loaded TP AllDesktopTargetPlatform
[2017.03.14-18.12.44:557][  0]LogTemp:Display: Loaded TP MacClientTargetPlatform
[2017.03.14-18.12.44:705][  0]LogTemp:Display: Loaded TP MacNoEditorTargetPlatform
[2017.03.14-18.12.44:854][  0]LogTemp:Display: Loaded TP MacServerTargetPlatform
[2017.03.14-18.12.44:988][  0]LogTemp:Display: Loaded TP MacTargetPlatform
[2017.03.14-18.12.45:115][  0]LogTemp:Display: Loaded TP WindowsClientTargetPlatform
[2017.03.14-18.12.45:234][  0]LogTemp:Display: Loaded TP WindowsNoEditorTargetPlatform
[2017.03.14-18.12.45:392][  0]LogTemp:Display: Loaded TP WindowsServerTargetPlatform
[2017.03.14-18.12.45:550][  0]LogTemp:Display: Loaded TP WindowsTargetPlatform
[2017.03.14-18.12.45:685][  0]LogTemp:Display: Loaded TP AndroidTargetPlatform
[2017.03.14-18.12.45:819][  0]LogTemp:Display: Loaded TP Android_ASTCTargetPlatform
[2017.03.14-18.12.46:026][  0]LogTemp:Display: Loaded TP Android_ATCTargetPlatform
[2017.03.14-18.12.46:160][  0]LogTemp:Display: Loaded TP Android_DXTTargetPlatform
[2017.03.14-18.12.46:282][  0]LogTemp:Display: Loaded TP Android_ETC1TargetPlatform
[2017.03.14-18.12.46:401][  0]LogTemp:Display: Loaded TP Android_ETC2TargetPlatform
[2017.03.14-18.12.46:622][  0]LogTemp:Display: Loaded TP Android_MultiTargetPlatform
[2017.03.14-18.12.46:622][  0]LogTemp:Display: Loaded TP Android_PVRTCTargetPlatform
[2017.03.14-18.12.46:713][  0]LogTemp:Display: Loaded TP HTML5TargetPlatform
[2017.03.14-18.12.46:884][  0]LogTemp:Display: Loaded TP IOSTargetPlatform
[2017.03.14-18.12.46:955][  0]LogTemp:Display: Loaded TP TVOSTargetPlatform
[2017.03.14-18.12.47:115][  0]LogTemp:Display: Loaded TP LinuxClientTargetPlatform
[2017.03.14-18.12.47:264][  0]LogTemp:Display: Loaded TP LinuxNoEditorTargetPlatform
[2017.03.14-18.12.47:381][  0]LogTemp:Display: Loaded TP LinuxServerTargetPlatform
[2017.03.14-18.12.47:495][  0]LogTemp:Display: Loaded TP LinuxTargetPlatform
[2017.03.14-18.12.47:495][  0]LogTargetPlatformManager:Display: Building Assets For Windows
[2017.03.14-18.12.48:734][  0]LogDerivedDataCache:Display: Max Cache Size: 512 MB
[2017.03.14-18.12.48:801][  0]LogDerivedDataCache: Loaded boot cache 0.07s 50MB C:/Users/ARNAU/AppData/Local/UnrealEngine/4.14/DerivedDataCache/Boot.ddc.
[2017.03.14-18.12.48:801][  0]LogDerivedDataCache:Display: Loaded Boot cache: C:/Users/ARNAU/AppData/Local/UnrealEngine/4.14/DerivedDataCache/Boot.ddc
[2017.03.14-18.12.48:801][  0]LogDerivedDataCache: FDerivedDataBackendGraph:  Pak pak cache file ../../../../../../Users/ARNAU/Desktop/P2_motors/trunk/Práctica2ArnauJavi/DerivedDataCache/DDC.ddp not found, will not use a pak cache.
[2017.03.14-18.12.48:801][  0]LogDerivedDataCache: Unable to find inner node Pak for hierarchical cache Hierarchy.
[2017.03.14-18.12.48:801][  0]LogDerivedDataCache: FDerivedDataBackendGraph:  CompressedPak pak cache file ../../../../../../Users/ARNAU/Desktop/P2_motors/trunk/Práctica2ArnauJavi/DerivedDataCache/Compressed.ddp not found, will not use a pak cache.
[2017.03.14-18.12.48:801][  0]LogDerivedDataCache: Unable to find inner node CompressedPak for hierarchical cache Hierarchy.
[2017.03.14-18.12.48:819][  0]LogDerivedDataCache:Display: Pak cache opened for reading ../../../Engine/DerivedDataCache/Compressed.ddp.
[2017.03.14-18.12.48:832][  0]LogDerivedDataCache: Using Local data cache path C:/Users/ARNAU/AppData/Local/UnrealEngine/Common/DerivedDataCache: Writable
[2017.03.14-18.12.49:269][  0]LogInit: Selected Device Profile: [Windows]
[2017.03.14-18.12.49:273][  0]LogContentStreaming: Texture pool size is 0.00 MB
[2017.03.14-18.12.49:885][  0]LogMeshUtilities: Using QuadricMeshReduction for automatic static mesh reduction
[2017.03.14-18.12.50:041][  0]LogSimplygon: Simplygon DLL not present - disabling.
[2017.03.14-18.12.50:214][  0]LogMeshUtilities: Using SimplygonSwarm for distributed automatic mesh merging
[2017.03.14-18.12.50:214][  0]LogMeshUtilities: No automatic skeletal mesh reduction module available
[2017.03.14-18.12.50:214][  0]LogMeshUtilities: No automatic mesh merging module available
[2017.03.14-18.12.51:092][  0]LogNetVersion: GetLocalNetworkVersion: CL: 3195953, ProjectName: práctica2_arnaujavi, ProjectVersion: , EngineNetworkVersion: 2, GameNetworkVersion: 0, NetworkChecksum: 1891819216
[2017.03.14-18.12.51:183][  0]LogAssetRegistry: FAssetRegistry took 0.0217 seconds to start up
[2017.03.14-18.12.51:262][  0]LogPackageLocalizationCache: Processed 3 localized package path(s) for 1 prioritized culture(s) in 0.020479 seconds
[2017.03.14-18.12.51:270][  0]LogUObjectArray: 31947 objects as part of root set at end of initial load.
[2017.03.14-18.12.51:270][  0]LogUObjectAllocator: 6936072 out of 0 bytes used by permanent object pool.
[2017.03.14-18.12.51:270][  0]LogUObjectArray: CloseDisregardForGC: 0/0 objects in disregard for GC pool
[2017.03.14-18.12.51:444][  0]LogInit: WinSock: version 1.1 (2.2), MaxSocks=32767, MaxUdp=65467
[2017.03.14-18.12.53:289][  0]LogSlate: Using Freetype 2.6.0
[2017.03.14-18.12.53:291][  0]LogSlate: SlateFontCache - WITH_FREETYPE: 1, WITH_HARFBUZZ: 1
[2017.03.14-18.12.53:291][  0]LogSlate: SlateFontCache - WITH_FREETYPE: 1, WITH_HARFBUZZ: 1
[2017.03.14-18.12.55:518][  0]LogTcpMessaging: Initializing TcpMessaging bridge
[2017.03.14-18.12.55:619][  0]LogUdpMessaging: Initializing bridge on interface 0.0.0.0:0 to multicast group 230.0.0.1:6666.
[2017.03.14-18.12.56:322][  0]LogMaterial: Uniform references updated for custom material expression Custom.
[2017.03.14-18.12.57:294][  0]SourceControl: Info Source control is disabled
[2017.03.14-18.12.57:296][  0]SourceControl: Info Source control is disabled
[2017.03.14-18.12.57:440][  0]SourceControl: Info Source control is disabled
[2017.03.14-18.12.57:578][  0]SourceControl: Info Source control is disabled
[2017.03.14-18.13.02:292][  0]LogEngine: Initializing Engine...
[2017.03.14-18.13.02:293][  0]LogHMD: Failed to initialize OpenVR with code 110
[2017.03.14-18.13.02:793][  0]LogAIModule: Creating AISystem for world Untitled
[2017.03.14-18.13.02:803][  0]LogInit: XAudio2 using 'Altavoces (Realtek High Definition Audio)' : 2 channels at 48 kHz using 32 bits per sample (channel mask 0x3)
[2017.03.14-18.13.02:842][  0]LogInit: FAudioDevice initialized.
[2017.03.14-18.13.02:879][  0]LogDerivedDataCache: Saved boot cache 0.04s 50MB C:/Users/ARNAU/AppData/Local/UnrealEngine/4.14/DerivedDataCache/Boot.ddc.
[2017.03.14-18.13.02:888][  0]LogInit: Texture streaming: Enabled
[2017.03.14-18.13.03:380][  0]LogInit: Transaction tracking system initialized
[2017.03.14-18.13.04:339][  0]BlueprintLog: New page: Editor Load
[2017.03.14-18.13.06:675][  0]LocalizationService: Info Localization service is disabled
[2017.03.14-18.13.08:354][  0]LogConsoleResponse:Display: 
[2017.03.14-18.13.08:603][  0]LogCook:Display: Max memory allowance for cook 16384mb min free memory 0mb
[2017.03.14-18.13.08:603][  0]LogCook:Display: Mobile HDR setting 1
[2017.03.14-18.13.09:281][  0]LogFileCache: Scanning file cache for directory 'C:/Users/ARNAU/Desktop/P2_motors/trunk/Práctica2ArnauJavi/Content/' took 0.03s
[2017.03.14-18.13.11:298][  0]SourceControl: Info Source control is disabled
[2017.03.14-18.13.11:298][  0]Cmd: MAP LOAD FILE="../../../../../../Users/ARNAU/Desktop/P2_motors/trunk/Práctica2ArnauJavi/Content/StarterContent/Maps/Minimal_Default.umap" TEMPLATE=0 SHOWPROGRESS=1 FEATURELEVEL=3
[2017.03.14-18.13.11:298][  0]LightingResults: New page: Lighting Build
[2017.03.14-18.13.11:407][  0]MapCheck: New page: Map Check
[2017.03.14-18.13.11:407][  0]LightingResults: New page: Lighting Build
[2017.03.14-18.13.12:425][  0]LogAIModule: Creating AISystem for world Minimal_Default
[2017.03.14-18.13.12:443][  0]LogEditorServer: Finished looking for orphan Actors (0.000 secs)
[2017.03.14-18.13.12:449][  0]Cmd: MAP CHECKDEP NOCLEARLOG
[2017.03.14-18.13.12:652][  0]MapCheck: Info Map check complete: 0 Error(s), 0 Warning(s), took 202.813ms to complete.
[2017.03.14-18.13.12:653][  0]LogFileHelpers: Loading map 'Minimal_Default' took 1.355
[2017.03.14-18.13.12:832][  0]LogCollectionManager: Loaded 0 collections in 0.008694 seconds
[2017.03.14-18.13.12:983][  0]LogFileCache: Scanning file cache for directory 'C:/Users/ARNAU/Desktop/P2_motors/trunk/Práctica2ArnauJavi/Saved/Collections/' took 0.01s
[2017.03.14-18.13.12:983][  0]LogFileCache: Scanning file cache for directory 'C:/Users/ARNAU/Desktop/P2_motors/trunk/Práctica2ArnauJavi/Content/Developers/ARNAU/Collections/' took 0.01s
[2017.03.14-18.13.12:983][  0]LogFileCache: Scanning file cache for directory 'C:/Users/ARNAU/Desktop/P2_motors/trunk/Práctica2ArnauJavi/Content/Collections/' took 0.01s
[2017.03.14-18.13.12:983][  0]LogCollectionManager: Rebuilt the GUID cache for 0 collections in 0.000002 seconds
[2017.03.14-18.13.12:992][  0]LogContentBrowser: Native class hierarchy populated in 0.0093 seconds. Added 2190 classes and 428 folders.
[2017.03.14-18.13.13:099][  0]LogStats: UGameplayTagsManager::ConstructGameplayTagTree: Construct from data asset -  0.000 s
[2017.03.14-18.13.13:099][  0]LogStats: UGameplayTagsManager::ConstructGameplayTagTree: GameplayTagTreeChangedEvent.Broadcast -  0.000 s
[2017.03.14-18.13.13:100][  0]LogContentBrowser: Native class hierarchy updated for 'GameplayTags' in 0.0006 seconds. Added 13 classes and 0 folders.
[2017.03.14-18.13.13:260][  0]LogContentBrowser: Native class hierarchy updated for 'WidgetCarousel' in 0.0005 seconds. Added 0 classes and 0 folders.
[2017.03.14-18.13.13:402][  0]LogContentBrowser: Native class hierarchy updated for 'AddContentDialog' in 0.0006 seconds. Added 0 classes and 0 folders.
[2017.03.14-18.13.13:513][  0]LogContentBrowser: Native class hierarchy updated for 'SceneOutliner' in 0.0006 seconds. Added 1 classes and 2 folders.
[2017.03.14-18.13.13:631][  0]LogContentBrowser: Native class hierarchy updated for 'WorldBrowser' in 0.0006 seconds. Added 1 classes and 3 folders.
[2017.03.14-18.13.13:759][  0]LogCrashTracker: Crashtracker disabled due to settings.
[2017.03.14-18.13.13:765][  0]LogUObjectGlobals:Warning: Failed to find object 'Class None.'
[2017.03.14-18.13.13:917][  0]LogContentBrowser: Native class hierarchy updated for 'HierarchicalLODOutliner' in 0.0006 seconds. Added 1 classes and 2 folders.
[2017.03.14-18.13.13:917][  0]LogLoad: (Engine Initialization) Total time: 36.98 seconds
[2017.03.14-18.13.13:917][  0]LogLoad: (Engine Initialization) Total Blueprint compile time: 0.39 seconds
[2017.03.14-18.13.13:917][  0]LogExternalProfiler: Found external profiler: VSPerf
[2017.03.14-18.13.13:917][  0]LogExternalProfiler: Using external profiler: VSPerf
[2017.03.14-18.13.14:257][  0]LogOcInput: OculusInput pre-init called
[2017.03.14-18.13.14:277][  0]LogContentStreaming: Texture pool size now 800 MB
[2017.03.14-18.13.14:413][  0]LogRenderer: Reallocating scene render targets to support 896x328 NumSamples 1 (Frame:2).
[2017.03.14-18.13.15:017][  2]LogAssetRegistry: Asset discovery search completed in 23.8552 seconds
[2017.03.14-18.13.15:017][  2]LogCollectionManager: Rebuilt the object cache for 0 collections in 0.000000 seconds (found 0 objects)
[2017.03.14-18.13.15:017][  2]LogCollectionManager: Fixed up redirectors for 0 collections in 0.000023 seconds (updated 0 objects)
[2017.03.14-18.13.41:601][824]LogSavePackage: Save=14.18ms
[2017.03.14-18.13.41:601][824]LogSavePackage: Moving '../../../../../../Users/ARNAU/Desktop/P2_motors/trunk/Práctica2ArnauJavi/Saved/Aim_downD00419CA4C1AB8722EAF4CA5C2E2DE95.tmp' to '../../../../../../Users/ARNAU/Desktop/P2_motors/trunk/Práctica2ArnauJavi/Content/Animations/Aim/Ironsights/Aim_down.uasset'
[2017.03.14-18.13.41:605][824]LogSavePackage:Display: Finished SavePackage ../../../../../../Users/ARNAU/Desktop/P2_motors/trunk/Práctica2ArnauJavi/Content/Animations/Aim/Ironsights/Aim_down.uasset
[2017.03.14-18.13.42:715][845]LogSkeletalMesh: InitArticulated: Bodies already created (/Engine/Transient.DebugSkelMeshComponent_0) - call TermArticulated first.
[2017.03.14-18.13.42:900][845]LogContentBrowser:Verbose: The majority of assets in the view are of type: AnimSequence
[2017.03.14-18.14.02:270][929]LogAnimationCompression: Building Anim DDC data for AnimSequence /Game/Animations/Aim/Ironsights/Aim_down.Aim_down
[2017.03.14-18.14.04:571][ 67]LogAnimationCompression: Building Anim DDC data for AnimSequence /Game/Animations/Aim/Ironsights/Aim_down.Aim_down
[2017.03.14-18.14.07:468][234]LogSavePackage: Save=3.46ms
[2017.03.14-18.14.07:468][234]LogSavePackage: Moving '../../../../../../Users/ARNAU/Desktop/P2_motors/trunk/Práctica2ArnauJavi/Saved/Aim_downD624CDD24E76E52872C8448C4B2FC3CA.tmp' to '../../../../../../Users/ARNAU/Desktop/P2_motors/trunk/Práctica2ArnauJavi/Content/Animations/Aim/Ironsights/Aim_down.uasset'
[2017.03.14-18.14.07:472][234]LogSavePackage:Display: Finished SavePackage ../../../../../../Users/ARNAU/Desktop/P2_motors/trunk/Práctica2ArnauJavi/Content/Animations/Aim/Ironsights/Aim_down.uasset
[2017.03.14-18.14.12:112][425]LogSkeletalMesh: InitArticulated: Bodies already created (/Engine/Transient.DebugSkelMeshComponent_3) - call TermArticulated first.
[2017.03.14-18.14.12:312][425]LogContentBrowser:Verbose: The majority of assets in the view are of type: AnimSequence
[2017.03.14-18.14.36:101][779]LogSkeletalMesh: InitArticulated: Bodies already created (/Engine/Transient.DebugSkelMeshComponent_6) - call TermArticulated first.
[2017.03.14-18.14.36:292][779]LogContentBrowser:Verbose: The majority of assets in the view are of type: AnimSequence
[2017.03.14-18.14.42:423][146]LogAnimationCompression: Building Anim DDC data for AnimSequence /Game/Animations/Aim/Ironsights/aim_right.aim_right
[2017.03.14-18.14.45:260][313]LogAnimationCompression: Building Anim DDC data for AnimSequence /Game/Animations/Aim/Ironsights/aim_right.aim_right
[2017.03.14-18.14.47:614][450]LogSavePackage: Save=12.76ms
[2017.03.14-18.14.47:614][450]LogSavePackage: Moving '../../../../../../Users/ARNAU/Desktop/P2_motors/trunk/Práctica2ArnauJavi/Saved/aim_right79D65B2A4468B185E9F1DC856B482E2A.tmp' to '../../../../../../Users/ARNAU/Desktop/P2_motors/trunk/Práctica2ArnauJavi/Content/Animations/Aim/Ironsights/aim_right.uasset'
[2017.03.14-18.14.47:617][450]LogSavePackage:Display: Finished SavePackage ../../../../../../Users/ARNAU/Desktop/P2_motors/trunk/Práctica2ArnauJavi/Content/Animations/Aim/Ironsights/aim_right.uasset
[2017.03.14-18.17.37:447][390]LogSkeletalMesh: InitArticulated: Bodies already created (/Engine/Transient.DebugSkelMeshComponent_9) - call TermArticulated first.
[2017.03.14-18.17.37:645][390]LogContentBrowser:Verbose: The majority of assets in the view are of type: AnimSequence
[2017.03.14-18.17.38:499][393]LogD3D11RHI: Timed out while waiting for GPU to catch up. (0.5 s)
[2017.03.14-18.17.39:002][394]LogD3D11RHI: Timed out while waiting for GPU to catch up. (0.5 s)
[2017.03.14-18.17.39:502][394]LogD3D11RHI: Timed out while waiting for GPU to catch up. (0.5 s)
[2017.03.14-18.17.40:002][394]LogD3D11RHI: Timed out while waiting for GPU to catch up. (0.5 s)
[2017.03.14-18.17.41:071][394]LogD3D11RHI:Error: Result failed 
 at D:\Build\++UE4+Release-4.14+Compile\Sync\Engine\Source\Runtime\Windows\D3D11RHI\Private\D3D11Query.cpp:134 
 with error DXGI_ERROR_DEVICE_REMOVED DXGI_ERROR_DEVICE_HUNG
[2017.03.14-18.17.41:074][394]LogWindows: Windows GetLastError: La operación se completó correctamente. (0)
