Log file open, 03/15/17 12:15:48
LogInit:Display: Running engine for game: Práctica2_ArnauJavi
LogPlatformFile: Not using cached read wrapper
LogInit:Display: RandInit(-165642903) SRandInit(-165642902).
LogTaskGraph: Started task graph with 5 named threads and 8 total threads with 1 sets of task threads.
LogStats: Stats thread started at 0.114522
LogPluginManager: Loaded Plugin Paper2D, From C:/Program Files/Epic Games/4.14/Engine/Plugins/2D/Paper2D/Paper2D.uplugin
LogPluginManager: Loaded Plugin LightPropagationVolume, From C:/Program Files/Epic Games/4.14/Engine/Plugins/Blendables/LightPropagationVolume/LightPropagationVolume.uplugin
LogPluginManager: Loaded Plugin BlankPlugin, From C:/Program Files/Epic Games/4.14/Engine/Plugins/Developer/BlankPlugin/BlankPlugin.uplugin
LogPluginManager: Loaded Plugin CodeLiteSourceCodeAccess, From C:/Program Files/Epic Games/4.14/Engine/Plugins/Developer/CodeLiteSourceCodeAccess/CodeLiteSourceCodeAccess.uplugin
LogPluginManager: Loaded Plugin GitSourceControl, From C:/Program Files/Epic Games/4.14/Engine/Plugins/Developer/GitSourceControl/GitSourceControl.uplugin
LogPluginManager: Loaded Plugin KDevelopSourceCodeAccess, From C:/Program Files/Epic Games/4.14/Engine/Plugins/Developer/KDevelopSourceCodeAccess/KDevelopSourceCodeAccess.uplugin
LogPluginManager: Loaded Plugin NullSourceCodeAccess, From C:/Program Files/Epic Games/4.14/Engine/Plugins/Developer/NullSourceCodeAccess/NullSourceCodeAccess.uplugin
LogPluginManager: Loaded Plugin OneSkyLocalizationService, From C:/Program Files/Epic Games/4.14/Engine/Plugins/Developer/OneSkyLocalizationService/OneSkyLocalizationService.uplugin
LogPluginManager: Loaded Plugin PerforceSourceControl, From C:/Program Files/Epic Games/4.14/Engine/Plugins/Developer/PerforceSourceControl/PerforceSourceControl.uplugin
LogPluginManager: Loaded Plugin SubversionSourceControl, From C:/Program Files/Epic Games/4.14/Engine/Plugins/Developer/SubversionSourceControl/SubversionSourceControl.uplugin
LogPluginManager: Loaded Plugin UObjectPlugin, From C:/Program Files/Epic Games/4.14/Engine/Plugins/Developer/UObjectPlugin/UObjectPlugin.uplugin
LogPluginManager: Loaded Plugin VisualStudioSourceCodeAccess, From C:/Program Files/Epic Games/4.14/Engine/Plugins/Developer/VisualStudioSourceCodeAccess/VisualStudioSourceCodeAccess.uplugin
LogPluginManager: Loaded Plugin XCodeSourceCodeAccess, From C:/Program Files/Epic Games/4.14/Engine/Plugins/Developer/XCodeSourceCodeAccess/XCodeSourceCodeAccess.uplugin
LogPluginManager: Loaded Plugin AudioCapture, From C:/Program Files/Epic Games/4.14/Engine/Plugins/Editor/AudioCapture/AudioCapture.uplugin
LogPluginManager: Loaded Plugin EpicSurvey, From C:/Program Files/Epic Games/4.14/Engine/Plugins/Editor/EpicSurvey/EpicSurvey.uplugin
LogPluginManager: Loaded Plugin MacGraphicsSwitching, From C:/Program Files/Epic Games/4.14/Engine/Plugins/Editor/MacGraphicsSwitching/MacGraphicsSwitching.uplugin
LogPluginManager: Loaded Plugin MobileLauncherProfileWizard, From C:/Program Files/Epic Games/4.14/Engine/Plugins/Editor/MobileLauncherProfileWizard/MobileLauncherProfileWizard.uplugin
LogPluginManager: Loaded Plugin PluginBrowser, From C:/Program Files/Epic Games/4.14/Engine/Plugins/Editor/PluginBrowser/PluginBrowser.uplugin
LogPluginManager: Loaded Plugin SpeedTreeImporter, From C:/Program Files/Epic Games/4.14/Engine/Plugins/Editor/SpeedTreeImporter/SpeedTreeImporter.uplugin
LogPluginManager: Loaded Plugin SuperSearchEditor, From C:/Program Files/Epic Games/4.14/Engine/Plugins/Editor/SuperSearchEditor/SuperSearchEditor.uplugin
LogPluginManager: Loaded Plugin AlembicImporter, From C:/Program Files/Epic Games/4.14/Engine/Plugins/Experimental/AlembicImporter/AlembicImporter.uplugin
LogPluginManager: Loaded Plugin BlueprintStats, From C:/Program Files/Epic Games/4.14/Engine/Plugins/Experimental/BlueprintStats/BlueprintStats.uplugin
LogPluginManager: Loaded Plugin CharacterAI, From C:/Program Files/Epic Games/4.14/Engine/Plugins/Experimental/CharacterAI/CharacterAI.uplugin
LogPluginManager: Loaded Plugin CodeEditor, From C:/Program Files/Epic Games/4.14/Engine/Plugins/Experimental/CodeEditor/CodeEditor.uplugin
LogPluginManager: Loaded Plugin CodeView, From C:/Program Files/Epic Games/4.14/Engine/Plugins/Experimental/CodeView/CodeView.uplugin
LogPluginManager: Loaded Plugin HTML5Networking, From C:/Program Files/Epic Games/4.14/Engine/Plugins/Experimental/HTML5Networking/HTML5Networking.uplugin
LogPluginManager: Loaded Plugin OSVR, From C:/Program Files/Epic Games/4.14/Engine/Plugins/Experimental/OSVR/OSVR.uplugin
LogPluginManager: Loaded Plugin Phya, From C:/Program Files/Epic Games/4.14/Engine/Plugins/Experimental/Phya/Phya.uplugin
LogPluginManager: Loaded Plugin SignificanceManager, From C:/Program Files/Epic Games/4.14/Engine/Plugins/Experimental/SignificanceManager/SignificanceManager.uplugin
LogPluginManager: Loaded Plugin SimpleHMD, From C:/Program Files/Epic Games/4.14/Engine/Plugins/Experimental/SimpleHMD/SimpleHMD.uplugin
LogPluginManager: Loaded Plugin StereoPanorama, From C:/Program Files/Epic Games/4.14/Engine/Plugins/Experimental/StereoPanorama/StereoPanorama.uplugin
LogPluginManager: Loaded Plugin StructBox, From C:/Program Files/Epic Games/4.14/Engine/Plugins/Experimental/StructBox/StructBox.uplugin
LogPluginManager: Loaded Plugin AndroidMedia, From C:/Program Files/Epic Games/4.14/Engine/Plugins/Media/AndroidMedia/AndroidMedia.uplugin
LogPluginManager: Loaded Plugin AvfMedia, From C:/Program Files/Epic Games/4.14/Engine/Plugins/Media/AvfMedia/AvfMedia.uplugin
LogPluginManager: Loaded Plugin MediaPlayerEditor, From C:/Program Files/Epic Games/4.14/Engine/Plugins/Media/MediaPlayerEditor/MediaPlayerEditor.uplugin
LogPluginManager: Loaded Plugin WmfMedia, From C:/Program Files/Epic Games/4.14/Engine/Plugins/Media/WmfMedia/WmfMedia.uplugin
LogPluginManager: Loaded Plugin MessagingDebugger, From C:/Program Files/Epic Games/4.14/Engine/Plugins/Messaging/MessagingDebugger/MessagingDebugger.uplugin
LogPluginManager: Loaded Plugin TcpMessaging, From C:/Program Files/Epic Games/4.14/Engine/Plugins/Messaging/TcpMessaging/TcpMessaging.uplugin
LogPluginManager: Loaded Plugin UdpMessaging, From C:/Program Files/Epic Games/4.14/Engine/Plugins/Messaging/UdpMessaging/UdpMessaging.uplugin
LogPluginManager: Loaded Plugin LevelSequenceEditor, From C:/Program Files/Epic Games/4.14/Engine/Plugins/MovieScene/LevelSequenceEditor/LevelSequenceEditor.uplugin
LogPluginManager: Loaded Plugin MatineeToLevelSequence, From C:/Program Files/Epic Games/4.14/Engine/Plugins/MovieScene/MatineeToLevelSequence/MatineeToLevelSequence.uplugin
LogPluginManager: Loaded Plugin NetcodeUnitTest, From C:/Program Files/Epic Games/4.14/Engine/Plugins/NetcodeUnitTest/NetcodeUnitTest/NetcodeUnitTest.uplugin
LogPluginManager: Loaded Plugin NUTUnrealEngine4, From C:/Program Files/Epic Games/4.14/Engine/Plugins/NetcodeUnitTest/NUTUnrealEngine4/NUTUnrealEngine4.uplugin
LogPluginManager: Loaded Plugin OnlineSubsystemGameCircle, From C:/Program Files/Epic Games/4.14/Engine/Plugins/Online/Android/OnlineSubsystemGameCircle/OnlineSubsystemGameCircle.uplugin
LogPluginManager: Loaded Plugin OnlineSubsystemGooglePlay, From C:/Program Files/Epic Games/4.14/Engine/Plugins/Online/Android/OnlineSubsystemGooglePlay/OnlineSubsystemGooglePlay.uplugin
LogPluginManager: Loaded Plugin OnlineSubsystemIOS, From C:/Program Files/Epic Games/4.14/Engine/Plugins/Online/IOS/OnlineSubsystemIOS/OnlineSubsystemIOS.uplugin
LogPluginManager: Loaded Plugin OnlineFramework, From C:/Program Files/Epic Games/4.14/Engine/Plugins/Online/OnlineFramework/OnlineFramework.uplugin
LogPluginManager: Loaded Plugin OnlineSubsystem, From C:/Program Files/Epic Games/4.14/Engine/Plugins/Online/OnlineSubsystem/OnlineSubsystem.uplugin
LogPluginManager: Loaded Plugin OnlineSubsystemAmazon, From C:/Program Files/Epic Games/4.14/Engine/Plugins/Online/OnlineSubsystemAmazon/OnlineSubsystemAmazon.uplugin
LogPluginManager: Loaded Plugin OnlineSubsystemFacebook, From C:/Program Files/Epic Games/4.14/Engine/Plugins/Online/OnlineSubsystemFacebook/OnlineSubsystemFacebook.uplugin
LogPluginManager: Loaded Plugin OnlineSubsystemNull, From C:/Program Files/Epic Games/4.14/Engine/Plugins/Online/OnlineSubsystemNull/OnlineSubsystemNull.uplugin
LogPluginManager: Loaded Plugin OnlineSubsystemOculus, From C:/Program Files/Epic Games/4.14/Engine/Plugins/Online/OnlineSubsystemOculus/OnlineSubsystemOculus.uplugin
LogPluginManager: Loaded Plugin OnlineSubsystemSteam, From C:/Program Files/Epic Games/4.14/Engine/Plugins/Online/OnlineSubsystemSteam/OnlineSubsystemSteam.uplugin
LogPluginManager: Loaded Plugin OnlineSubsystemUtils, From C:/Program Files/Epic Games/4.14/Engine/Plugins/Online/OnlineSubsystemUtils/OnlineSubsystemUtils.uplugin
LogPluginManager: Loaded Plugin IOSTapJoy, From C:/Program Files/Epic Games/4.14/Engine/Plugins/Runtime/Advertising/IOSTapJoy/IOSTapJoy.uplugin
LogPluginManager: Loaded Plugin AnalyticsBlueprintLibrary, From C:/Program Files/Epic Games/4.14/Engine/Plugins/Runtime/Analytics/AnalyticsBlueprintLibrary/AnalyticsBlueprintLibrary.uplugin
LogPluginManager: Loaded Plugin AnalyticsMulticast, From C:/Program Files/Epic Games/4.14/Engine/Plugins/Runtime/Analytics/AnalyticsMulticast/AnalyticsMulticast.uplugin
LogPluginManager: Loaded Plugin Apsalar, From C:/Program Files/Epic Games/4.14/Engine/Plugins/Runtime/Analytics/Apsalar/Apsalar.uplugin
LogPluginManager: Loaded Plugin FileLogging, From C:/Program Files/Epic Games/4.14/Engine/Plugins/Runtime/Analytics/FileLogging/FileLogging.uplugin
LogPluginManager: Loaded Plugin Flurry, From C:/Program Files/Epic Games/4.14/Engine/Plugins/Runtime/Analytics/Flurry/Flurry.uplugin
LogPluginManager: Loaded Plugin AndroidDeviceProfileSelector, From C:/Program Files/Epic Games/4.14/Engine/Plugins/Runtime/AndroidDeviceProfileSelector/AndroidDeviceProfileSelector.uplugin
LogPluginManager: Loaded Plugin AndroidMoviePlayer, From C:/Program Files/Epic Games/4.14/Engine/Plugins/Runtime/AndroidMoviePlayer/AndroidMoviePlayer.uplugin
LogPluginManager: Loaded Plugin AppleMoviePlayer, From C:/Program Files/Epic Games/4.14/Engine/Plugins/Runtime/AppleMoviePlayer/AppleMoviePlayer.uplugin
LogPluginManager: Loaded Plugin ArchVisCharacter, From C:/Program Files/Epic Games/4.14/Engine/Plugins/Runtime/ArchVisCharacter/ArchVisCharacter.uplugin
LogPluginManager: Loaded Plugin CableComponent, From C:/Program Files/Epic Games/4.14/Engine/Plugins/Runtime/CableComponent/CableComponent.uplugin
LogPluginManager: Loaded Plugin CustomMeshComponent, From C:/Program Files/Epic Games/4.14/Engine/Plugins/Runtime/CustomMeshComponent/CustomMeshComponent.uplugin
LogPluginManager: Loaded Plugin ExampleDeviceProfileSelector, From C:/Program Files/Epic Games/4.14/Engine/Plugins/Runtime/ExampleDeviceProfileSelector/ExampleDeviceProfileSelector.uplugin
LogPluginManager: Loaded Plugin GearVR, From C:/Program Files/Epic Games/4.14/Engine/Plugins/Runtime/GearVR/GearVR.uplugin
LogPluginManager: Loaded Plugin GoogleVRController, From C:/Program Files/Epic Games/4.14/Engine/Plugins/Runtime/GoogleVR/GoogleVRController/GoogleVRController.uplugin
LogPluginManager: Loaded Plugin GoogleVRHMD, From C:/Program Files/Epic Games/4.14/Engine/Plugins/Runtime/GoogleVR/GoogleVRHMD/GoogleVRHMD.uplugin
LogPluginManager: Loaded Plugin IOSDeviceProfileSelector, From C:/Program Files/Epic Games/4.14/Engine/Plugins/Runtime/IOSDeviceProfileSelector/IOSDeviceProfileSelector.uplugin
LogPluginManager: Loaded Plugin LeapMotion, From C:/Program Files/Epic Games/4.14/Engine/Plugins/Runtime/LeapMotion/LeapMotion.uplugin
LogPluginManager: Loaded Plugin LinuxDeviceProfileSelector, From C:/Program Files/Epic Games/4.14/Engine/Plugins/Runtime/LinuxDeviceProfileSelector/LinuxDeviceProfileSelector.uplugin
LogPluginManager: Loaded Plugin MIDIDevice, From C:/Program Files/Epic Games/4.14/Engine/Plugins/Runtime/MIDIDevice/MIDIDevice.uplugin
LogPluginManager: Loaded Plugin MobilePatchingUtils, From C:/Program Files/Epic Games/4.14/Engine/Plugins/Runtime/MobilePatchingUtils/MobilePatchingUtils.uplugin
LogPluginManager: Loaded Plugin Ansel, From C:/Program Files/Epic Games/4.14/Engine/Plugins/Runtime/Nvidia/Ansel/Ansel.uplugin
LogPluginManager: Loaded Plugin OculusAudio, From C:/Program Files/Epic Games/4.14/Engine/Plugins/Runtime/OculusAudio/OculusAudio.uplugin
LogPluginManager: Loaded Plugin OculusInput, From C:/Program Files/Epic Games/4.14/Engine/Plugins/Runtime/OculusInput/OculusInput.uplugin
LogPluginManager: Loaded Plugin OculusLibrary, From C:/Program Files/Epic Games/4.14/Engine/Plugins/Runtime/OculusLibrary/OculusLibrary.uplugin
LogPluginManager: Loaded Plugin OculusRift, From C:/Program Files/Epic Games/4.14/Engine/Plugins/Runtime/OculusRift/OculusRift.uplugin
LogPluginManager: Loaded Plugin Oodle, From C:/Program Files/Epic Games/4.14/Engine/Plugins/Runtime/PacketHandlers/CompressionComponents/Oodle/Oodle.uplugin
LogPluginManager: Loaded Plugin ProceduralMeshComponent, From C:/Program Files/Epic Games/4.14/Engine/Plugins/Runtime/ProceduralMeshComponent/ProceduralMeshComponent.uplugin
LogPluginManager: Loaded Plugin SoundMod, From C:/Program Files/Epic Games/4.14/Engine/Plugins/Runtime/SoundMod/SoundMod.uplugin
LogPluginManager: Loaded Plugin SoundVisualizations, From C:/Program Files/Epic Games/4.14/Engine/Plugins/Runtime/SoundVisualizations/SoundVisualizations.uplugin
LogPluginManager: Loaded Plugin SteamController, From C:/Program Files/Epic Games/4.14/Engine/Plugins/Runtime/Steam/SteamController/SteamController.uplugin
LogPluginManager: Loaded Plugin SteamVR, From C:/Program Files/Epic Games/4.14/Engine/Plugins/Runtime/Steam/SteamVR/SteamVR.uplugin
LogPluginManager: Loaded Plugin WebBrowserWidget, From C:/Program Files/Epic Games/4.14/Engine/Plugins/Runtime/WebBrowserWidget/WebBrowserWidget.uplugin
LogPluginManager: Loaded Plugin WindowsDeviceProfileSelector, From C:/Program Files/Epic Games/4.14/Engine/Plugins/Runtime/WindowsDeviceProfileSelector/WindowsDeviceProfileSelector.uplugin
LogPluginManager: Loaded Plugin WindowsMoviePlayer, From C:/Program Files/Epic Games/4.14/Engine/Plugins/Runtime/WindowsMoviePlayer/WindowsMoviePlayer.uplugin
LogPluginManager: Loaded Plugin ScriptPlugin, From C:/Program Files/Epic Games/4.14/Engine/Plugins/ScriptPlugin/ScriptPlugin.uplugin
LogPluginManager: Loaded Plugin SlateRemote, From C:/Program Files/Epic Games/4.14/Engine/Plugins/Slate/SlateRemote/SlateRemote.uplugin
LogPluginManager: Loaded Plugin EditorTests, From C:/Program Files/Epic Games/4.14/Engine/Plugins/Tests/EditorTests/EditorTests.uplugin
LogPluginManager: Loaded Plugin FbxAutomationTestBuilder, From C:/Program Files/Epic Games/4.14/Engine/Plugins/Tests/FbxAutomationTestBuilder/FbxAutomationTestBuilder.uplugin
LogPluginManager: Loaded Plugin FunctionalTestingEditor, From C:/Program Files/Epic Games/4.14/Engine/Plugins/Tests/FunctionalTestingEditor/FunctionalTestingEditor.uplugin
LogPluginManager: Loaded Plugin RuntimeTests, From C:/Program Files/Epic Games/4.14/Engine/Plugins/Tests/RuntimeTests/RuntimeTests.uplugin
LogPluginManager: Loaded Plugin ScreenshotTools, From C:/Program Files/Epic Games/4.14/Engine/Plugins/Tests/ScreenshotTools/ScreenshotTools.uplugin
LogInit: Using libcurl 7.47.1
LogInit:  - built for x86_64-pc-win32
LogInit:  - supports SSL with OpenSSL/1.0.2g
LogInit:  - supports HTTP deflate (compression) using libz 1.2.8
LogInit:  - other features:
LogInit:      CURL_VERSION_SSL
LogInit:      CURL_VERSION_LIBZ
LogInit:      CURL_VERSION_IPV6
LogInit:      CURL_VERSION_ASYNCHDNS
LogInit:      CURL_VERSION_LARGEFILE
LogInit:      CURL_VERSION_IDN
LogInit:  CurlRequestOptions (configurable via config and command line):
LogInit:  - bVerifyPeer = false  - Libcurl will NOT verify peer certificate
LogInit:  - bUseHttpProxy = false  - Libcurl will NOT use HTTP proxy
LogInit:  - bDontReuseConnections = false  - Libcurl will reuse connections
LogInit:  - CertBundlePath = nullptr  - Libcurl will use whatever was configured at build time.
LogInit: Build: ++UE4+Release-4.14-CL-3249277
LogInit: Engine Version: 4.14.3-3249277+++UE4+Release-4.14
LogInit: Compatible Engine Version: 4.14.0-3195953+++UE4+Release-4.14
LogInit: Net CL: 3195953
LogDevObjectVersion: Number of dev versions registered: 13
LogDevObjectVersion:   Dev-Blueprints (B0D832E4-1F89-4F0D-ACCF-7EB736FD4AA2): 7
LogDevObjectVersion:   Dev-Build (E1C64328-A22C-4D53-A36C-8E866417BD8C): 0
LogDevObjectVersion:   Dev-Core (375EC13C-06E4-48FB-B500-84F0262A717E): 1
LogDevObjectVersion:   Dev-Editor (E4B068ED-F494-42E9-A231-DA0B2E46BB41): 8
LogDevObjectVersion:   Dev-Framework (CFFC743F-43B0-4480-9391-14DF171D2073): 17
LogDevObjectVersion:   Dev-Mobile (B02B49B5-BB20-44E9-A304-32B752E40360): 0
LogDevObjectVersion:   Dev-Networking (A4E4105C-59A1-49B5-A7C5-40C4547EDFEE): 0
LogDevObjectVersion:   Dev-Online (39C831C9-5AE6-47DC-9A44-9C173E1C8E7C): 0
LogDevObjectVersion:   Dev-Physics (78F01B33-EBEA-4F98-B9B4-84EACCB95AA2): 0
LogDevObjectVersion:   Dev-Platform (6631380F-2D4D-43E0-8009-CF276956A95A): 0
LogDevObjectVersion:   Dev-Rendering (12F88B9F-8875-4AFC-A67C-D90C383ABD29): 12
LogDevObjectVersion:   Dev-Sequencer (7B5AE74C-D270-4C10-A958-57980B212A5A): 1
LogDevObjectVersion:   Dev-VR (D7296918-1DD6-4BDD-9DE2-64A83CC13884): 0
LogInit: Compiled (64-bit): Jan  6 2017 10:49:43
LogInit: Compiled with Visual C++: 19.00.23026.00
LogInit: Build Configuration: Development
LogInit: Branch Name: ++UE4+Release-4.14
LogInit: Command line: -EpicPortal
LogInit: Base directory: C:/Program Files/Epic Games/4.14/Engine/Binaries/Win64/
LogInit: Installed Engine Build: 1
LogInit: Presizing for max 8388607 objects, including 0 objects not considered by GC, pre-allocating 0 bytes for permanent pool.
LogInit: Object subsystem initialized
[2017.03.15-11.15.48:776][  0]LogInit: Selected Device Profile: [Windows]
[2017.03.15-11.15.48:776][  0]LogInit: Applying CVar settings loaded from the selected device profile: [Windows]
[2017.03.15-11.15.48:792][  0]LogInit: Computer: ARNAU
[2017.03.15-11.15.48:792][  0]LogInit: User: ARNAU
[2017.03.15-11.15.48:792][  0]LogInit: CPU Page size=65536, Cores=4
[2017.03.15-11.15.48:792][  0]LogInit: High frequency timer resolution =2.240906 MHz
[2017.03.15-11.15.48:792][  0]LogMemory: Memory total: Physical=7.9GB (8GB approx)
[2017.03.15-11.15.48:792][  0]LogMemory: Platform Memory Stats for Windows
[2017.03.15-11.15.48:792][  0]LogMemory: Process Physical Memory: 263.82 MB used, 263.82 MB peak
[2017.03.15-11.15.48:792][  0]LogMemory: Process Virtual Memory: 262.89 MB used, 262.89 MB peak
[2017.03.15-11.15.48:792][  0]LogMemory: Physical Memory: 5778.60 MB used,  2333.77 MB free, 8112.37 MB total
[2017.03.15-11.15.48:792][  0]LogMemory: Virtual Memory: 676.55 MB used,  2333.77 MB free, 134217728.00 MB total
[2017.03.15-11.15.48:829][  0]LogInit: Overriding culture en with editor configuration.
[2017.03.15-11.15.50:487][  0]LogD3D11RHI: D3D11 adapters:
[2017.03.15-11.15.50:520][  0]LogD3D11RHI:    0. 'NVIDIA GeForce 820M' (Feature Level 11_0)
[2017.03.15-11.15.50:521][  0]LogD3D11RHI:       1999/0/4056 MB DedicatedVideo/DedicatedSystem/SharedSystem, Outputs:1, VendorId:0x10de
[2017.03.15-11.15.50:624][  0]LogD3D11RHI:    1. 'Intel(R) HD Graphics 4600' (Feature Level 11_0)
[2017.03.15-11.15.50:624][  0]LogD3D11RHI:       112/0/2048 MB DedicatedVideo/DedicatedSystem/SharedSystem, Outputs:0, VendorId:0x8086
[2017.03.15-11.15.50:627][  0]LogD3D11RHI:    2. 'Microsoft Basic Render Driver' (Feature Level 11_0)
[2017.03.15-11.15.50:627][  0]LogD3D11RHI:       0/0/4056 MB DedicatedVideo/DedicatedSystem/SharedSystem, Outputs:0, VendorId:0x1414
[2017.03.15-11.15.50:627][  0]LogD3D11RHI: Chosen D3D11 Adapter: 0
[2017.03.15-11.15.50:632][  0]LogD3D11RHI: Creating new Direct3DDevice
[2017.03.15-11.15.50:632][  0]LogD3D11RHI:     GPU DeviceId: 0x1140 (for the marketing name, search the web for "GPU Device Id")
[2017.03.15-11.15.50:632][  0]LogWindows: EnumDisplayDevices:
[2017.03.15-11.15.50:632][  0]LogWindows:    0. 'Intel(R) HD Graphics 4600' (P:1 D:1)
[2017.03.15-11.15.50:632][  0]LogWindows:    1. 'Intel(R) HD Graphics 4600' (P:0 D:0)
[2017.03.15-11.15.50:632][  0]LogWindows:    2. 'Intel(R) HD Graphics 4600' (P:0 D:0)
[2017.03.15-11.15.50:632][  0]LogWindows: DebugString: PrimaryIsNotTheChoosenAdapter PrimaryIsNotTheChoosenAdapter PrimaryIsNotTheChoosenAdapter FoundDriverCount:0 
[2017.03.15-11.15.50:632][  0]LogD3D11RHI:     Adapter Name: NVIDIA GeForce 820M
[2017.03.15-11.15.50:632][  0]LogD3D11RHI:   Driver Version: Unknown (internal:Unknown, unified:Unknown)
[2017.03.15-11.15.50:632][  0]LogD3D11RHI:      Driver Date: Unknown
[2017.03.15-11.15.50:632][  0]LogRHI: Texture pool is 1361 MB (70% of 1945 MB)
[2017.03.15-11.15.50:650][  0]LogD3D11RHI:Warning: Timestamp queries are currently disabled on this hardware due to instability. Realtime GPU stats will not be available. You can override this behaviour by setting r.NVIDIATimestampWorkaround to 0
[2017.03.15-11.15.50:650][  0]LogD3D11RHI: Async texture creation enabled
[2017.03.15-11.15.50:671][  0]LogD3D11RHI: GPU Timing Frequency: 1000.000000 (Debug: 2 3)
[2017.03.15-11.15.50:672][  0]LogShaderCompilers: Guid format shader working directory is -27 characters bigger than the processId version (../../../../../../Users/ARNAU/Desktop/P2_motors/trunk/Práctica2ArnauJavi/Intermediate/Shaders/WorkingDirectory/11944/).
[2017.03.15-11.15.50:672][  0]LogShaderCompilers: Cleaned the shader compiler working directory 'C:/Users/ARNAU/AppData/Local/Temp/UnrealShaderWorkingDir/EA82C40542D26428BC171593C8A21604/'.
[2017.03.15-11.15.50:672][  0]LogShaderCompilers:Display: Using Local Shader Compiler.
[2017.03.15-11.15.53:581][  0]LogTemp:Display: Loaded TP AllDesktopTargetPlatform
[2017.03.15-11.15.53:701][  0]LogTemp:Display: Loaded TP MacClientTargetPlatform
[2017.03.15-11.15.53:819][  0]LogTemp:Display: Loaded TP MacNoEditorTargetPlatform
[2017.03.15-11.15.53:937][  0]LogTemp:Display: Loaded TP MacServerTargetPlatform
[2017.03.15-11.15.54:068][  0]LogTemp:Display: Loaded TP MacTargetPlatform
[2017.03.15-11.15.54:187][  0]LogTemp:Display: Loaded TP WindowsClientTargetPlatform
[2017.03.15-11.15.54:345][  0]LogTemp:Display: Loaded TP WindowsNoEditorTargetPlatform
[2017.03.15-11.15.54:465][  0]LogTemp:Display: Loaded TP WindowsServerTargetPlatform
[2017.03.15-11.15.54:575][  0]LogTemp:Display: Loaded TP WindowsTargetPlatform
[2017.03.15-11.15.54:706][  0]LogTemp:Display: Loaded TP AndroidTargetPlatform
[2017.03.15-11.15.54:861][  0]LogTemp:Display: Loaded TP Android_ASTCTargetPlatform
[2017.03.15-11.15.54:975][  0]LogTemp:Display: Loaded TP Android_ATCTargetPlatform
[2017.03.15-11.15.55:092][  0]LogTemp:Display: Loaded TP Android_DXTTargetPlatform
[2017.03.15-11.15.55:211][  0]LogTemp:Display: Loaded TP Android_ETC1TargetPlatform
[2017.03.15-11.15.55:336][  0]LogTemp:Display: Loaded TP Android_ETC2TargetPlatform
[2017.03.15-11.15.55:663][  0]LogTemp:Display: Loaded TP Android_MultiTargetPlatform
[2017.03.15-11.15.55:664][  0]LogTemp:Display: Loaded TP Android_PVRTCTargetPlatform
[2017.03.15-11.15.55:762][  0]LogTemp:Display: Loaded TP HTML5TargetPlatform
[2017.03.15-11.15.55:940][  0]LogTemp:Display: Loaded TP IOSTargetPlatform
[2017.03.15-11.15.56:013][  0]LogTemp:Display: Loaded TP TVOSTargetPlatform
[2017.03.15-11.15.56:202][  0]LogTemp:Display: Loaded TP LinuxClientTargetPlatform
[2017.03.15-11.15.56:324][  0]LogTemp:Display: Loaded TP LinuxNoEditorTargetPlatform
[2017.03.15-11.15.56:452][  0]LogTemp:Display: Loaded TP LinuxServerTargetPlatform
[2017.03.15-11.15.56:571][  0]LogTemp:Display: Loaded TP LinuxTargetPlatform
[2017.03.15-11.15.56:571][  0]LogTargetPlatformManager:Display: Building Assets For Windows
[2017.03.15-11.15.57:850][  0]LogDerivedDataCache:Display: Max Cache Size: 512 MB
[2017.03.15-11.15.57:922][  0]LogDerivedDataCache: Loaded boot cache 0.07s 50MB C:/Users/ARNAU/AppData/Local/UnrealEngine/4.14/DerivedDataCache/Boot.ddc.
[2017.03.15-11.15.57:922][  0]LogDerivedDataCache:Display: Loaded Boot cache: C:/Users/ARNAU/AppData/Local/UnrealEngine/4.14/DerivedDataCache/Boot.ddc
[2017.03.15-11.15.57:922][  0]LogDerivedDataCache: FDerivedDataBackendGraph:  Pak pak cache file ../../../../../../Users/ARNAU/Desktop/P2_motors/trunk/Práctica2ArnauJavi/DerivedDataCache/DDC.ddp not found, will not use a pak cache.
[2017.03.15-11.15.57:922][  0]LogDerivedDataCache: Unable to find inner node Pak for hierarchical cache Hierarchy.
[2017.03.15-11.15.57:922][  0]LogDerivedDataCache: FDerivedDataBackendGraph:  CompressedPak pak cache file ../../../../../../Users/ARNAU/Desktop/P2_motors/trunk/Práctica2ArnauJavi/DerivedDataCache/Compressed.ddp not found, will not use a pak cache.
[2017.03.15-11.15.57:922][  0]LogDerivedDataCache: Unable to find inner node CompressedPak for hierarchical cache Hierarchy.
[2017.03.15-11.15.57:943][  0]LogDerivedDataCache:Display: Pak cache opened for reading ../../../Engine/DerivedDataCache/Compressed.ddp.
[2017.03.15-11.15.57:956][  0]LogDerivedDataCache: Using Local data cache path C:/Users/ARNAU/AppData/Local/UnrealEngine/Common/DerivedDataCache: Writable
[2017.03.15-11.15.58:510][  0]LogInit: Selected Device Profile: [Windows]
[2017.03.15-11.15.58:514][  0]LogContentStreaming: Texture pool size is 0.00 MB
[2017.03.15-11.15.58:967][  0]LogMeshUtilities: Using QuadricMeshReduction for automatic static mesh reduction
[2017.03.15-11.15.59:119][  0]LogSimplygon: Simplygon DLL not present - disabling.
[2017.03.15-11.15.59:242][  0]LogMeshUtilities: Using SimplygonSwarm for distributed automatic mesh merging
[2017.03.15-11.15.59:242][  0]LogMeshUtilities: No automatic skeletal mesh reduction module available
[2017.03.15-11.15.59:242][  0]LogMeshUtilities: No automatic mesh merging module available
[2017.03.15-11.16.00:412][  0]LogNetVersion: GetLocalNetworkVersion: CL: 3195953, ProjectName: práctica2_arnaujavi, ProjectVersion: , EngineNetworkVersion: 2, GameNetworkVersion: 0, NetworkChecksum: 1891819216
[2017.03.15-11.16.00:503][  0]LogAssetRegistry: FAssetRegistry took 0.0220 seconds to start up
[2017.03.15-11.16.00:592][  0]LogPackageLocalizationCache: Processed 3 localized package path(s) for 1 prioritized culture(s) in 0.019253 seconds
[2017.03.15-11.16.00:599][  0]LogUObjectArray: 31947 objects as part of root set at end of initial load.
[2017.03.15-11.16.00:599][  0]LogUObjectAllocator: 6936072 out of 0 bytes used by permanent object pool.
[2017.03.15-11.16.00:599][  0]LogUObjectArray: CloseDisregardForGC: 0/0 objects in disregard for GC pool
[2017.03.15-11.16.00:937][  0]LogInit: WinSock: version 1.1 (2.2), MaxSocks=32767, MaxUdp=65467
[2017.03.15-11.16.03:179][  0]LogSlate: Using Freetype 2.6.0
[2017.03.15-11.16.03:181][  0]LogSlate: SlateFontCache - WITH_FREETYPE: 1, WITH_HARFBUZZ: 1
[2017.03.15-11.16.03:181][  0]LogSlate: SlateFontCache - WITH_FREETYPE: 1, WITH_HARFBUZZ: 1
[2017.03.15-11.16.06:115][  0]LogTcpMessaging: Initializing TcpMessaging bridge
[2017.03.15-11.16.06:196][  0]LogUdpMessaging: Initializing bridge on interface 0.0.0.0:0 to multicast group 230.0.0.1:6666.
[2017.03.15-11.16.07:464][  0]LogMaterial: Uniform references updated for custom material expression Custom.
[2017.03.15-11.16.08:700][  0]SourceControl: Info Source control is disabled
[2017.03.15-11.16.08:702][  0]SourceControl: Info Source control is disabled
[2017.03.15-11.16.08:822][  0]SourceControl: Info Source control is disabled
[2017.03.15-11.16.09:265][  0]SourceControl: Info Source control is disabled
[2017.03.15-11.16.14:182][  0]LogEngine: Initializing Engine...
[2017.03.15-11.16.14:183][  0]LogHMD: Failed to initialize OpenVR with code 110
[2017.03.15-11.16.14:643][  0]LogAIModule: Creating AISystem for world Untitled
[2017.03.15-11.16.14:652][  0]LogInit: XAudio2 using 'Altavoces (Realtek High Definition Audio)' : 2 channels at 48 kHz using 32 bits per sample (channel mask 0x3)
[2017.03.15-11.16.14:670][  0]LogInit: FAudioDevice initialized.
[2017.03.15-11.16.14:895][  0]LogDerivedDataCache: Saved boot cache 0.23s 50MB C:/Users/ARNAU/AppData/Local/UnrealEngine/4.14/DerivedDataCache/Boot.ddc.
[2017.03.15-11.16.14:903][  0]LogInit: Texture streaming: Enabled
[2017.03.15-11.16.15:910][  0]LogInit: Transaction tracking system initialized
[2017.03.15-11.16.16:805][  0]BlueprintLog: New page: Editor Load
[2017.03.15-11.16.19:057][  0]LocalizationService: Info Localization service is disabled
[2017.03.15-11.16.20:699][  0]LogConsoleResponse:Display: 
[2017.03.15-11.16.21:024][  0]LogCook:Display: Max memory allowance for cook 16384mb min free memory 0mb
[2017.03.15-11.16.21:024][  0]LogCook:Display: Mobile HDR setting 1
[2017.03.15-11.16.22:179][  0]LogFileCache: Scanning file cache for directory 'C:/Users/ARNAU/Desktop/P2_motors/trunk/Práctica2ArnauJavi/Content/' took 0.02s
[2017.03.15-11.16.24:481][  0]SourceControl: Info Source control is disabled
[2017.03.15-11.16.24:481][  0]Cmd: MAP LOAD FILE="../../../../../../Users/ARNAU/Desktop/P2_motors/trunk/Práctica2ArnauJavi/Content/StarterContent/Maps/Minimal_Default.umap" TEMPLATE=0 SHOWPROGRESS=1 FEATURELEVEL=3
[2017.03.15-11.16.24:483][  0]LightingResults: New page: Lighting Build
[2017.03.15-11.16.24:589][  0]MapCheck: New page: Map Check
[2017.03.15-11.16.24:589][  0]LightingResults: New page: Lighting Build
[2017.03.15-11.16.25:829][  0]LogAIModule: Creating AISystem for world Minimal_Default
[2017.03.15-11.16.25:847][  0]LogEditorServer: Finished looking for orphan Actors (0.000 secs)
[2017.03.15-11.16.25:853][  0]Cmd: MAP CHECKDEP NOCLEARLOG
[2017.03.15-11.16.26:256][  0]MapCheck: Info Map check complete: 0 Error(s), 0 Warning(s), took 403.502ms to complete.
[2017.03.15-11.16.26:257][  0]LogFileHelpers: Loading map 'Minimal_Default' took 1.775
[2017.03.15-11.16.26:320][  0]LogWindowsTextInputMethodSystem:Display: IME system now deactivated.
[2017.03.15-11.16.26:503][  0]LogCollectionManager: Loaded 0 collections in 0.003726 seconds
[2017.03.15-11.16.26:647][  0]LogFileCache: Scanning file cache for directory 'C:/Users/ARNAU/Desktop/P2_motors/trunk/Práctica2ArnauJavi/Saved/Collections/' took 0.01s
[2017.03.15-11.16.26:647][  0]LogFileCache: Scanning file cache for directory 'C:/Users/ARNAU/Desktop/P2_motors/trunk/Práctica2ArnauJavi/Content/Developers/ARNAU/Collections/' took 0.01s
[2017.03.15-11.16.26:647][  0]LogFileCache: Scanning file cache for directory 'C:/Users/ARNAU/Desktop/P2_motors/trunk/Práctica2ArnauJavi/Content/Collections/' took 0.01s
[2017.03.15-11.16.26:647][  0]LogCollectionManager: Rebuilt the GUID cache for 0 collections in 0.000001 seconds
[2017.03.15-11.16.26:657][  0]LogContentBrowser: Native class hierarchy populated in 0.0091 seconds. Added 2190 classes and 428 folders.
[2017.03.15-11.16.26:761][  0]LogStats: UGameplayTagsManager::ConstructGameplayTagTree: Construct from data asset -  0.000 s
[2017.03.15-11.16.26:761][  0]LogStats: UGameplayTagsManager::ConstructGameplayTagTree: GameplayTagTreeChangedEvent.Broadcast -  0.000 s
[2017.03.15-11.16.26:762][  0]LogContentBrowser: Native class hierarchy updated for 'GameplayTags' in 0.0006 seconds. Added 13 classes and 0 folders.
[2017.03.15-11.16.26:926][  0]LogContentBrowser: Native class hierarchy updated for 'WidgetCarousel' in 0.0005 seconds. Added 0 classes and 0 folders.
[2017.03.15-11.16.27:029][  0]LogContentBrowser: Native class hierarchy updated for 'AddContentDialog' in 0.0006 seconds. Added 0 classes and 0 folders.
[2017.03.15-11.16.27:203][  0]LogContentBrowser: Native class hierarchy updated for 'SceneOutliner' in 0.0006 seconds. Added 1 classes and 2 folders.
[2017.03.15-11.16.27:485][  0]LogContentBrowser: Native class hierarchy updated for 'WorldBrowser' in 0.0006 seconds. Added 1 classes and 3 folders.
[2017.03.15-11.16.27:639][  0]LogCrashTracker: Crashtracker disabled due to settings.
[2017.03.15-11.16.27:646][  0]LogUObjectGlobals:Warning: Failed to find object 'Class None.'
[2017.03.15-11.16.27:831][  0]LogContentBrowser: Native class hierarchy updated for 'HierarchicalLODOutliner' in 0.0006 seconds. Added 1 classes and 2 folders.
[2017.03.15-11.16.27:832][  0]LogLoad: (Engine Initialization) Total time: 42.13 seconds
[2017.03.15-11.16.27:832][  0]LogLoad: (Engine Initialization) Total Blueprint compile time: 0.56 seconds
[2017.03.15-11.16.27:832][  0]LogExternalProfiler: Found external profiler: VSPerf
[2017.03.15-11.16.27:832][  0]LogExternalProfiler: Using external profiler: VSPerf
[2017.03.15-11.16.27:842][  0]LogOcInput: OculusInput pre-init called
[2017.03.15-11.16.27:863][  0]LogContentStreaming: Texture pool size now 800 MB
[2017.03.15-11.16.28:177][  0]LogRenderer: Reallocating scene render targets to support 896x328 NumSamples 1 (Frame:2).
[2017.03.15-11.16.29:092][  1]LogAssetRegistry: Asset discovery search completed in 28.6110 seconds
[2017.03.15-11.16.29:092][  1]LogCollectionManager: Rebuilt the object cache for 0 collections in 0.000001 seconds (found 0 objects)
[2017.03.15-11.16.29:092][  1]LogCollectionManager: Fixed up redirectors for 0 collections in 0.000022 seconds (updated 0 objects)
[2017.03.15-11.20.09:742][ 57]LogD3D11RHI: Timed out while waiting for GPU to catch up. (0.5 s)
[2017.03.15-11.20.11:649][ 58]LogSkeletalMesh: InitArticulated: Bodies already created (/Engine/Transient.DebugSkelMeshComponent_0) - call TermArticulated first.
[2017.03.15-11.20.12:950][ 58]LogContentBrowser:Verbose: The majority of assets in the view are of type: AnimSequence
[2017.03.15-11.20.36:859][362]LogAnimationCompression: Building Anim DDC data for AnimSequence /Game/Animations/Aim/Ironsights/Aim_rightDown.Aim_rightDown
[2017.03.15-11.20.58:515][648]LogAnimationCompression: Building Anim DDC data for AnimSequence /Game/Animations/Aim/Ironsights/Aim_rightDown.Aim_rightDown
[2017.03.15-11.21.02:196][679]LogSavePackage: Save=770.07ms
[2017.03.15-11.21.02:196][679]LogSavePackage: Moving '../../../../../../Users/ARNAU/Desktop/P2_motors/trunk/Práctica2ArnauJavi/Saved/Aim_rightDown804C492B46AA8A00A9FEED84B5D821B9.tmp' to '../../../../../../Users/ARNAU/Desktop/P2_motors/trunk/Práctica2ArnauJavi/Content/Animations/Aim/Ironsights/Aim_rightDown.uasset'
[2017.03.15-11.21.02:333][679]LogSavePackage:Display: Finished SavePackage ../../../../../../Users/ARNAU/Desktop/P2_motors/trunk/Práctica2ArnauJavi/Content/Animations/Aim/Ironsights/Aim_rightDown.uasset
[2017.03.15-11.21.04:606][742]LogTemp: Repeting last play command: Selected Viewport
[2017.03.15-11.21.04:765][742]LogBlueprintUserMessages: Early PlayInEditor Detection: Level '/Game/StarterContent/Maps/Minimal_Default.Minimal_Default:PersistentLevel' has LevelScriptBlueprint '/Game/StarterContent/Maps/Minimal_Default.Minimal_Default:PersistentLevel.Minimal_Default' with GeneratedClass '/Game/StarterContent/Maps/Minimal_Default.Minimal_Default_C' with ClassGeneratedBy '/Game/StarterContent/Maps/Minimal_Default.Minimal_Default:PersistentLevel.Minimal_Default'
[2017.03.15-11.21.04:859][742]LogPlayLevel: PlayLevel: No blueprints needed recompiling
[2017.03.15-11.21.05:373][742]PIE: New page: PIE session: Minimal_Default (Mar 15, 2017, 1:21:05 PM)
[2017.03.15-11.21.05:411][742]LogPlayLevel: Creating play world package: /Game/StarterContent/Maps/UEDPIE_0_Minimal_Default
[2017.03.15-11.21.05:809][742]LogPlayLevel: PIE: StaticDuplicateObject took: (0.398124s)
[2017.03.15-11.21.05:810][742]LogAIModule: Creating AISystem for world Minimal_Default
[2017.03.15-11.21.05:841][742]LogPlayLevel: PIE: World Init took: (0.031404s)
[2017.03.15-11.21.05:880][742]LogPlayLevel: PIE: Created PIE world by copying editor world from /Game/StarterContent/Maps/Minimal_Default.Minimal_Default to /Game/StarterContent/Maps/UEDPIE_0_Minimal_Default.Minimal_Default (0.468842s)
[2017.03.15-11.21.07:017][742]LogInit: XAudio2 using 'Altavoces (Realtek High Definition Audio)' : 2 channels at 48 kHz using 32 bits per sample (channel mask 0x3)
[2017.03.15-11.21.07:030][742]LogInit: FAudioDevice initialized.
[2017.03.15-11.21.07:639][742]LogLoad: Game class is 'GameModeTecnoCampus_C'
[2017.03.15-11.21.07:714][742]LogWorld: Bringing World /Game/StarterContent/Maps/UEDPIE_0_Minimal_Default.Minimal_Default up for play (max tick rate 0) at 2017.03.15-12.21.07
[2017.03.15-11.21.08:965][742]LogWorld: Bringing up level for play took: 1.298542
[2017.03.15-11.21.10:211][742]LogContentBrowser: Native class hierarchy updated for 'MovieSceneCapture' in 0.0007 seconds. Added 11 classes and 0 folders.
[2017.03.15-11.21.12:371][742]PIE: Info Play in editor start time for /Game/StarterContent/Maps/UEDPIE_0_Minimal_Default 7.26
[2017.03.15-11.21.12:372][742]LogBlueprintUserMessages: Late PlayInEditor Detection: Level '/Game/StarterContent/Maps/Minimal_Default.Minimal_Default:PersistentLevel' has LevelScriptBlueprint '/Game/StarterContent/Maps/Minimal_Default.Minimal_Default:PersistentLevel.Minimal_Default' with GeneratedClass '/Game/StarterContent/Maps/Minimal_Default.Minimal_Default_C' with ClassGeneratedBy '/Game/StarterContent/Maps/Minimal_Default.Minimal_Default:PersistentLevel.Minimal_Default'
[2017.03.15-11.21.34:973][965]LogSpawn:Warning: SpawnActor failed because of collision at the spawn location [X=7967.206 Y=3929.810 Z=-215.157] for [EnemyBP_C]
[2017.03.15-11.21.41:820][ 43]LogBlueprintUserMessages: Early EndPlayMap Detection: Level '/Game/StarterContent/Maps/Minimal_Default.Minimal_Default:PersistentLevel' has LevelScriptBlueprint '/Game/StarterContent/Maps/Minimal_Default.Minimal_Default:PersistentLevel.Minimal_Default' with GeneratedClass '/Game/StarterContent/Maps/Minimal_Default.Minimal_Default_C' with ClassGeneratedBy '/Game/StarterContent/Maps/Minimal_Default.Minimal_Default:PersistentLevel.Minimal_Default'
[2017.03.15-11.21.44:365][ 43]LogBlueprintUserMessages: Late EndPlayMap Detection: Level '/Game/StarterContent/Maps/Minimal_Default.Minimal_Default:PersistentLevel' has LevelScriptBlueprint '/Game/StarterContent/Maps/Minimal_Default.Minimal_Default:PersistentLevel.Minimal_Default' with GeneratedClass '/Game/StarterContent/Maps/Minimal_Default.Minimal_Default_C' with ClassGeneratedBy '/Game/StarterContent/Maps/Minimal_Default.Minimal_Default:PersistentLevel.Minimal_Default'
[2017.03.15-11.22.20:477][549]LogContentBrowser: Native class hierarchy updated for 'BlueprintGraph' in 0.0010 seconds. Added 111 classes and 0 folders.
[2017.03.15-11.22.26:987][549]LogSkeletalMesh: InitArticulated: Bodies already created (/Engine/Transient.DebugSkelMeshComponent_3) - call TermArticulated first.
[2017.03.15-11.24.37:491][224]LogD3D11RHI: Timed out while waiting for GPU to catch up. (0.5 s)
[2017.03.15-11.24.37:695][224]LogSkeletalMesh: InitArticulated: Bodies already created (/Engine/Transient.DebugSkelMeshComponent_5) - call TermArticulated first.
[2017.03.15-11.24.39:678][224]LogContentBrowser:Verbose: The majority of assets in the view are of type: AnimSequence
[2017.03.15-11.27.15:283][ 72]Cmd: OBJ SAVEPACKAGE PACKAGE="/Game/Animations/HeroBlend" FILE="../../../../../../Users/ARNAU/Desktop/P2_motors/trunk/Práctica2ArnauJavi/Content/Animations/HeroBlend.uasset" SILENT=true
[2017.03.15-11.27.16:004][ 72]LogSavePackage: Save=14.17ms
[2017.03.15-11.27.16:004][ 72]LogSavePackage: Moving '../../../../../../Users/ARNAU/Desktop/P2_motors/trunk/Práctica2ArnauJavi/Saved/HeroBlend3162E592414A849C07E512A7AD820645.tmp' to '../../../../../../Users/ARNAU/Desktop/P2_motors/trunk/Práctica2ArnauJavi/Content/Animations/HeroBlend.uasset'
[2017.03.15-11.27.16:007][ 72]LogSavePackage:Display: Finished SavePackage ../../../../../../Users/ARNAU/Desktop/P2_motors/trunk/Práctica2ArnauJavi/Content/Animations/HeroBlend.uasset
[2017.03.15-11.27.17:548][114]LogTemp: Repeting last play command: Selected Viewport
[2017.03.15-11.27.17:564][114]LogBlueprintUserMessages: Early PlayInEditor Detection: Level '/Game/StarterContent/Maps/Minimal_Default.Minimal_Default:PersistentLevel' has LevelScriptBlueprint '/Game/StarterContent/Maps/Minimal_Default.Minimal_Default:PersistentLevel.Minimal_Default' with GeneratedClass '/Game/StarterContent/Maps/Minimal_Default.Minimal_Default_C' with ClassGeneratedBy '/Game/StarterContent/Maps/Minimal_Default.Minimal_Default:PersistentLevel.Minimal_Default'
[2017.03.15-11.27.17:564][114]LogPlayLevel: PlayLevel: No blueprints needed recompiling
[2017.03.15-11.27.17:564][114]PIE: New page: PIE session: Minimal_Default (Mar 15, 2017, 1:27:17 PM)
[2017.03.15-11.27.17:564][114]LogPlayLevel: Creating play world package: /Game/StarterContent/Maps/UEDPIE_0_Minimal_Default
[2017.03.15-11.27.17:586][114]LogPlayLevel: PIE: StaticDuplicateObject took: (0.021549s)
[2017.03.15-11.27.17:586][114]LogAIModule: Creating AISystem for world Minimal_Default
[2017.03.15-11.27.17:587][114]LogPlayLevel: PIE: World Init took: (0.000858s)
[2017.03.15-11.27.17:587][114]LogPlayLevel: PIE: Created PIE world by copying editor world from /Game/StarterContent/Maps/Minimal_Default.Minimal_Default to /Game/StarterContent/Maps/UEDPIE_0_Minimal_Default.Minimal_Default (0.022735s)
[2017.03.15-11.27.17:697][114]LogInit: XAudio2 using 'Altavoces (Realtek High Definition Audio)' : 2 channels at 48 kHz using 32 bits per sample (channel mask 0x3)
[2017.03.15-11.27.17:710][114]LogInit: FAudioDevice initialized.
[2017.03.15-11.27.17:814][114]LogLoad: Game class is 'GameModeTecnoCampus_C'
[2017.03.15-11.27.17:819][114]LogWorld: Bringing World /Game/StarterContent/Maps/UEDPIE_0_Minimal_Default.Minimal_Default up for play (max tick rate 60) at 2017.03.15-12.27.17
[2017.03.15-11.27.17:820][114]LogWorld: Bringing up level for play took: 0.004297
[2017.03.15-11.27.17:824][114]PIE: Info Play in editor start time for /Game/StarterContent/Maps/UEDPIE_0_Minimal_Default 0.713
[2017.03.15-11.27.17:824][114]LogBlueprintUserMessages: Late PlayInEditor Detection: Level '/Game/StarterContent/Maps/Minimal_Default.Minimal_Default:PersistentLevel' has LevelScriptBlueprint '/Game/StarterContent/Maps/Minimal_Default.Minimal_Default:PersistentLevel.Minimal_Default' with GeneratedClass '/Game/StarterContent/Maps/Minimal_Default.Minimal_Default_C' with ClassGeneratedBy '/Game/StarterContent/Maps/Minimal_Default.Minimal_Default:PersistentLevel.Minimal_Default'
[2017.03.15-11.27.59:724][584]LogSpawn:Warning: SpawnActor failed because of collision at the spawn location [X=7837.176 Y=4119.875 Z=-162.782] for [EnemyBP_C]
[2017.03.15-11.28.01:724][590]LogSpawn:Warning: SpawnActor failed because of collision at the spawn location [X=7254.553 Y=3951.629 Z=-162.782] for [EnemyBP_C]
[2017.03.15-11.28.17:724][638]LogSpawn:Warning: SpawnActor failed because of collision at the spawn location [X=7904.439 Y=4133.890 Z=-162.782] for [EnemyBP_C]
[2017.03.15-11.28.19:723][644]LogSpawn:Warning: SpawnActor failed because of collision at the spawn location [X=7248.367 Y=4073.164 Z=-162.782] for [EnemyBP_C]
[2017.03.15-11.28.21:724][650]LogSpawn:Warning: SpawnActor failed because of collision at the spawn location [X=7817.024 Y=4190.332 Z=-162.782] for [EnemyBP_C]
[2017.03.15-11.28.23:724][656]LogSpawn:Warning: SpawnActor failed because of collision at the spawn location [X=8162.516 Y=3962.914 Z=-217.220] for [EnemyBP_C]
[2017.03.15-11.28.31:726][680]LogSpawn:Warning: SpawnActor failed because of collision at the spawn location [X=7874.395 Y=4150.153 Z=-162.782] for [EnemyBP_C]
[2017.03.15-11.28.39:724][704]LogSpawn:Warning: SpawnActor failed because of collision at the spawn location [X=8172.688 Y=4132.437 Z=-162.782] for [EnemyBP_C]
[2017.03.15-11.28.41:725][710]LogSpawn:Warning: SpawnActor failed because of collision at the spawn location [X=8318.778 Y=4074.203 Z=-224.189] for [EnemyBP_C]
[2017.03.15-11.28.43:728][716]LogSpawn:Warning: SpawnActor failed because of collision at the spawn location [X=7853.858 Y=4032.241 Z=-162.782] for [EnemyBP_C]
[2017.03.15-11.28.49:725][734]LogSpawn:Warning: SpawnActor failed because of collision at the spawn location [X=8129.461 Y=4132.505 Z=-162.782] for [EnemyBP_C]
[2017.03.15-11.28.51:724][740]LogSpawn:Warning: SpawnActor failed because of collision at the spawn location [X=8637.758 Y=4213.463 Z=-162.782] for [EnemyBP_C]
[2017.03.15-11.28.53:708][756]LogSpawn:Warning: SpawnActor failed because of collision at the spawn location [X=7891.051 Y=4192.689 Z=-162.782] for [EnemyBP_C]
[2017.03.15-11.28.54:740][768]LogBlueprintUserMessages: Early EndPlayMap Detection: Level '/Game/StarterContent/Maps/Minimal_Default.Minimal_Default:PersistentLevel' has LevelScriptBlueprint '/Game/StarterContent/Maps/Minimal_Default.Minimal_Default:PersistentLevel.Minimal_Default' with GeneratedClass '/Game/StarterContent/Maps/Minimal_Default.Minimal_Default_C' with ClassGeneratedBy '/Game/StarterContent/Maps/Minimal_Default.Minimal_Default:PersistentLevel.Minimal_Default'
[2017.03.15-11.28.54:874][768]LogBlueprintUserMessages: Late EndPlayMap Detection: Level '/Game/StarterContent/Maps/Minimal_Default.Minimal_Default:PersistentLevel' has LevelScriptBlueprint '/Game/StarterContent/Maps/Minimal_Default.Minimal_Default:PersistentLevel.Minimal_Default' with GeneratedClass '/Game/StarterContent/Maps/Minimal_Default.Minimal_Default_C' with ClassGeneratedBy '/Game/StarterContent/Maps/Minimal_Default.Minimal_Default:PersistentLevel.Minimal_Default'
[2017.03.15-11.32.33:351][445]LogD3D11RHI: Timed out while waiting for GPU to catch up. (0.5 s)
[2017.03.15-11.32.44:736][540]LogD3D11RHI: Timed out while waiting for GPU to catch up. (0.5 s)
[2017.03.15-11.32.46:664][553]LogD3D11RHI: Timed out while waiting for GPU to catch up. (0.5 s)
[2017.03.15-11.32.48:709][567]LogD3D11RHI: Timed out while waiting for GPU to catch up. (0.5 s)
[2017.03.15-11.32.52:399][587]LogSkeletalMesh: InitArticulated: Bodies already created (/Engine/Transient.DebugSkelMeshComponent_7) - call TermArticulated first.
[2017.03.15-11.32.52:942][587]LogContentBrowser:Verbose: The majority of assets in the view are of type: AnimSequence
[2017.03.15-11.33.42:585][ 53]LogObjectTools:Warning: ForceReplaceReferences replaced references for a transient object 'AnimPreviewInstance_9' or package '/Engine/Transient'.
[2017.03.15-11.35.41:562][605]LogSkeletalMesh: InitArticulated: Bodies already created (/Engine/Transient.DebugSkelMeshComponent_9) - call TermArticulated first.
[2017.03.15-11.35.42:220][605]LogContentBrowser:Verbose: The majority of assets in the view are of type: AnimSequence
[2017.03.15-11.35.42:745][607]LogD3D11RHI: Timed out while waiting for GPU to catch up. (0.5 s)
[2017.03.15-11.35.50:129][678]LogAnimationCompression: Building Anim DDC data for AnimSequence /Game/Animations/Aim/Ironsights/Aim_Center.Aim_Center
[2017.03.15-11.36.06:365][754]LogAnimationCompression: Building Anim DDC data for AnimSequence /Game/Animations/Aim/Ironsights/Aim_Center.Aim_Center
[2017.03.15-11.36.09:641][783]LogSavePackage: Save=41.16ms
[2017.03.15-11.36.09:642][783]LogSavePackage: Moving '../../../../../../Users/ARNAU/Desktop/P2_motors/trunk/Práctica2ArnauJavi/Saved/Aim_Center9E46A3364BCF3E4CE148DA8EC491B7BC.tmp' to '../../../../../../Users/ARNAU/Desktop/P2_motors/trunk/Práctica2ArnauJavi/Content/Animations/Aim/Ironsights/Aim_Center.uasset'
[2017.03.15-11.36.09:647][783]LogSavePackage:Display: Finished SavePackage ../../../../../../Users/ARNAU/Desktop/P2_motors/trunk/Práctica2ArnauJavi/Content/Animations/Aim/Ironsights/Aim_Center.uasset
[2017.03.15-11.36.13:692][828]LogSkeletalMesh: InitArticulated: Bodies already created (/Engine/Transient.DebugSkelMeshComponent_12) - call TermArticulated first.
[2017.03.15-11.36.14:325][828]LogContentBrowser:Verbose: The majority of assets in the view are of type: AnimSequence
[2017.03.15-11.36.14:843][830]LogD3D11RHI: Timed out while waiting for GPU to catch up. (0.5 s)
[2017.03.15-11.36.19:649][886]LogAnimationCompression: Building Anim DDC data for AnimSequence /Game/Animations/Aim/Ironsights/Aim_down.Aim_down
[2017.03.15-11.36.21:586][908]LogAnimationCompression: Building Anim DDC data for AnimSequence /Game/Animations/Aim/Ironsights/Aim_down.Aim_down
[2017.03.15-11.36.25:350][933]LogD3D11RHI: Timed out while waiting for GPU to catch up. (0.5 s)
[2017.03.15-11.36.48:036][ 81]LogAnimationCompression: Building Anim DDC data for AnimSequence /Game/Animations/Aim/Ironsights/Aim_down.Aim_down
[2017.03.15-11.36.50:489][102]LogSavePackage: Save=21.56ms
[2017.03.15-11.36.50:489][102]LogSavePackage: Moving '../../../../../../Users/ARNAU/Desktop/P2_motors/trunk/Práctica2ArnauJavi/Saved/Aim_down11D5AE81440B5C17ABE36AA3792C5A78.tmp' to '../../../../../../Users/ARNAU/Desktop/P2_motors/trunk/Práctica2ArnauJavi/Content/Animations/Aim/Ironsights/Aim_down.uasset'
[2017.03.15-11.36.50:508][102]LogSavePackage:Display: Finished SavePackage ../../../../../../Users/ARNAU/Desktop/P2_motors/trunk/Práctica2ArnauJavi/Content/Animations/Aim/Ironsights/Aim_down.uasset
[2017.03.15-11.36.55:947][160]LogSkeletalMesh: InitArticulated: Bodies already created (/Engine/Transient.DebugSkelMeshComponent_15) - call TermArticulated first.
[2017.03.15-11.36.56:453][160]LogContentBrowser:Verbose: The majority of assets in the view are of type: AnimSequence
[2017.03.15-11.36.56:970][162]LogD3D11RHI: Timed out while waiting for GPU to catch up. (0.5 s)
[2017.03.15-11.37.00:123][203]LogAnimationCompression: Building Anim DDC data for AnimSequence /Game/Animations/Aim/Ironsights/Aim_left.Aim_left
[2017.03.15-11.37.10:669][331]LogAnimationCompression: Building Anim DDC data for AnimSequence /Game/Animations/Aim/Ironsights/Aim_left.Aim_left
[2017.03.15-11.37.13:021][343]LogD3D11RHI: Timed out while waiting for GPU to catch up. (0.5 s)
[2017.03.15-11.37.13:091][343]LogAnimationCompression: Building Anim DDC data for AnimSequence /Game/Animations/Aim/Ironsights/Aim_left.Aim_left
[2017.03.15-11.37.15:109][361]LogSavePackage: Save=15.56ms
[2017.03.15-11.37.15:109][361]LogSavePackage: Moving '../../../../../../Users/ARNAU/Desktop/P2_motors/trunk/Práctica2ArnauJavi/Saved/Aim_leftE0193E274FBCA57ECE476582299BB37B.tmp' to '../../../../../../Users/ARNAU/Desktop/P2_motors/trunk/Práctica2ArnauJavi/Content/Animations/Aim/Ironsights/Aim_left.uasset'
[2017.03.15-11.37.15:115][361]LogSavePackage:Display: Finished SavePackage ../../../../../../Users/ARNAU/Desktop/P2_motors/trunk/Práctica2ArnauJavi/Content/Animations/Aim/Ironsights/Aim_left.uasset
[2017.03.15-11.37.17:875][384]LogSkeletalMesh: InitArticulated: Bodies already created (/Engine/Transient.DebugSkelMeshComponent_18) - call TermArticulated first.
[2017.03.15-11.37.18:384][384]LogContentBrowser:Verbose: The majority of assets in the view are of type: AnimSequence
[2017.03.15-11.37.18:902][386]LogD3D11RHI: Timed out while waiting for GPU to catch up. (0.5 s)
[2017.03.15-11.37.26:734][496]LogAnimationCompression: Building Anim DDC data for AnimSequence /Game/Animations/Aim/Ironsights/Aim_leftDown.Aim_leftDown
[2017.03.15-11.37.29:032][522]LogAnimationCompression: Building Anim DDC data for AnimSequence /Game/Animations/Aim/Ironsights/Aim_leftDown.Aim_leftDown
[2017.03.15-11.37.31:420][535]LogD3D11RHI: Timed out while waiting for GPU to catch up. (0.5 s)
[2017.03.15-11.37.31:443][535]LogAnimationCompression: Building Anim DDC data for AnimSequence /Game/Animations/Aim/Ironsights/Aim_leftDown.Aim_leftDown
[2017.03.15-11.37.32:755][545]LogSavePackage: Save=15.17ms
[2017.03.15-11.37.32:755][545]LogSavePackage: Moving '../../../../../../Users/ARNAU/Desktop/P2_motors/trunk/Práctica2ArnauJavi/Saved/Aim_leftDown3E7B07444D674FD3427BEB80F477FDA0.tmp' to '../../../../../../Users/ARNAU/Desktop/P2_motors/trunk/Práctica2ArnauJavi/Content/Animations/Aim/Ironsights/Aim_leftDown.uasset'
[2017.03.15-11.37.32:761][545]LogSavePackage:Display: Finished SavePackage ../../../../../../Users/ARNAU/Desktop/P2_motors/trunk/Práctica2ArnauJavi/Content/Animations/Aim/Ironsights/Aim_leftDown.uasset
[2017.03.15-11.37.42:678][660]LogSkeletalMesh: InitArticulated: Bodies already created (/Engine/Transient.DebugSkelMeshComponent_21) - call TermArticulated first.
[2017.03.15-11.37.43:311][660]LogContentBrowser:Verbose: The majority of assets in the view are of type: AnimSequence
[2017.03.15-11.37.43:836][662]LogD3D11RHI: Timed out while waiting for GPU to catch up. (0.5 s)
[2017.03.15-11.37.47:724][705]LogAnimationCompression: Building Anim DDC data for AnimSequence /Game/Animations/Aim/Ironsights/Aim_leftUp.Aim_leftUp
[2017.03.15-11.37.50:265][734]LogAnimationCompression: Building Anim DDC data for AnimSequence /Game/Animations/Aim/Ironsights/Aim_leftUp.Aim_leftUp
[2017.03.15-11.37.53:483][757]LogAnimationCompression: Building Anim DDC data for AnimSequence /Game/Animations/Aim/Ironsights/Aim_leftUp.Aim_leftUp
[2017.03.15-11.37.55:092][770]LogSavePackage: Save=15.71ms
[2017.03.15-11.37.55:092][770]LogSavePackage: Moving '../../../../../../Users/ARNAU/Desktop/P2_motors/trunk/Práctica2ArnauJavi/Saved/Aim_leftUp725C22344EFF0C05F93883BA4543805E.tmp' to '../../../../../../Users/ARNAU/Desktop/P2_motors/trunk/Práctica2ArnauJavi/Content/Animations/Aim/Ironsights/Aim_leftUp.uasset'
[2017.03.15-11.37.55:098][770]LogSavePackage:Display: Finished SavePackage ../../../../../../Users/ARNAU/Desktop/P2_motors/trunk/Práctica2ArnauJavi/Content/Animations/Aim/Ironsights/Aim_leftUp.uasset
[2017.03.15-11.37.57:872][797]LogSkeletalMesh: InitArticulated: Bodies already created (/Engine/Transient.DebugSkelMeshComponent_24) - call TermArticulated first.
[2017.03.15-11.37.58:542][797]LogContentBrowser:Verbose: The majority of assets in the view are of type: AnimSequence
[2017.03.15-11.37.59:060][799]LogD3D11RHI: Timed out while waiting for GPU to catch up. (0.5 s)
[2017.03.15-11.38.03:073][850]LogAnimationCompression: Building Anim DDC data for AnimSequence /Game/Animations/Aim/Ironsights/aim_right.aim_right
[2017.03.15-11.38.05:536][878]LogAnimationCompression: Building Anim DDC data for AnimSequence /Game/Animations/Aim/Ironsights/aim_right.aim_right
[2017.03.15-11.38.08:655][897]LogAnimationCompression: Building Anim DDC data for AnimSequence /Game/Animations/Aim/Ironsights/aim_right.aim_right
[2017.03.15-11.38.09:674][904]LogSavePackage: Save=17.56ms
[2017.03.15-11.38.09:674][904]LogSavePackage: Moving '../../../../../../Users/ARNAU/Desktop/P2_motors/trunk/Práctica2ArnauJavi/Saved/aim_right6EDC241445238A92CCA24EAA4AE88D0C.tmp' to '../../../../../../Users/ARNAU/Desktop/P2_motors/trunk/Práctica2ArnauJavi/Content/Animations/Aim/Ironsights/aim_right.uasset'
[2017.03.15-11.38.09:680][904]LogSavePackage:Display: Finished SavePackage ../../../../../../Users/ARNAU/Desktop/P2_motors/trunk/Práctica2ArnauJavi/Content/Animations/Aim/Ironsights/aim_right.uasset
[2017.03.15-11.38.16:177][967]LogSkeletalMesh: InitArticulated: Bodies already created (/Engine/Transient.DebugSkelMeshComponent_27) - call TermArticulated first.
[2017.03.15-11.38.16:797][967]LogContentBrowser:Verbose: The majority of assets in the view are of type: AnimSequence
[2017.03.15-11.38.17:824][970]LogD3D11RHI: Timed out while waiting for GPU to catch up. (0.5 s)
[2017.03.15-11.38.18:325][971]LogD3D11RHI: Timed out while waiting for GPU to catch up. (0.5 s)
[2017.03.15-11.38.18:825][971]LogD3D11RHI: Timed out while waiting for GPU to catch up. (0.5 s)
[2017.03.15-11.38.19:327][971]LogD3D11RHI: Timed out while waiting for GPU to catch up. (0.5 s)
[2017.03.15-11.38.19:828][972]LogD3D11RHI: Timed out while waiting for GPU to catch up. (0.5 s)
[2017.03.15-11.38.20:885][973]LogD3D11RHI:Error: Result failed 
 at D:\Build\++UE4+Release-4.14+Compile\Sync\Engine\Source\Runtime\Windows\D3D11RHI\Private\D3D11Viewport.cpp:275 
 with error DXGI_ERROR_DEVICE_REMOVED DXGI_ERROR_DEVICE_HUNG
[2017.03.15-11.38.21:041][973]LogWindows: Windows GetLastError: La operación se completó correctamente. (0)
[2017.03.15-11.39.21:151][973]LogCrashTracker: 


