Log file open, 03/14/17 19:04:00
LogInit:Display: Running engine for game: Práctica2_ArnauJavi
LogPlatformFile: Not using cached read wrapper
LogInit:Display: RandInit(-1519076489) SRandInit(-1519076489).
LogTaskGraph: Started task graph with 5 named threads and 8 total threads with 1 sets of task threads.
LogStats: Stats thread started at 0.137576
LogPluginManager: Loaded Plugin Paper2D, From C:/Program Files/Epic Games/4.14/Engine/Plugins/2D/Paper2D/Paper2D.uplugin
LogPluginManager: Loaded Plugin LightPropagationVolume, From C:/Program Files/Epic Games/4.14/Engine/Plugins/Blendables/LightPropagationVolume/LightPropagationVolume.uplugin
LogPluginManager: Loaded Plugin BlankPlugin, From C:/Program Files/Epic Games/4.14/Engine/Plugins/Developer/BlankPlugin/BlankPlugin.uplugin
LogPluginManager: Loaded Plugin CodeLiteSourceCodeAccess, From C:/Program Files/Epic Games/4.14/Engine/Plugins/Developer/CodeLiteSourceCodeAccess/CodeLiteSourceCodeAccess.uplugin
LogPluginManager: Loaded Plugin GitSourceControl, From C:/Program Files/Epic Games/4.14/Engine/Plugins/Developer/GitSourceControl/GitSourceControl.uplugin
LogPluginManager: Loaded Plugin KDevelopSourceCodeAccess, From C:/Program Files/Epic Games/4.14/Engine/Plugins/Developer/KDevelopSourceCodeAccess/KDevelopSourceCodeAccess.uplugin
LogPluginManager: Loaded Plugin NullSourceCodeAccess, From C:/Program Files/Epic Games/4.14/Engine/Plugins/Developer/NullSourceCodeAccess/NullSourceCodeAccess.uplugin
LogPluginManager: Loaded Plugin OneSkyLocalizationService, From C:/Program Files/Epic Games/4.14/Engine/Plugins/Developer/OneSkyLocalizationService/OneSkyLocalizationService.uplugin
LogPluginManager: Loaded Plugin PerforceSourceControl, From C:/Program Files/Epic Games/4.14/Engine/Plugins/Developer/PerforceSourceControl/PerforceSourceControl.uplugin
LogPluginManager: Loaded Plugin SubversionSourceControl, From C:/Program Files/Epic Games/4.14/Engine/Plugins/Developer/SubversionSourceControl/SubversionSourceControl.uplugin
LogPluginManager: Loaded Plugin UObjectPlugin, From C:/Program Files/Epic Games/4.14/Engine/Plugins/Developer/UObjectPlugin/UObjectPlugin.uplugin
LogPluginManager: Loaded Plugin VisualStudioSourceCodeAccess, From C:/Program Files/Epic Games/4.14/Engine/Plugins/Developer/VisualStudioSourceCodeAccess/VisualStudioSourceCodeAccess.uplugin
LogPluginManager: Loaded Plugin XCodeSourceCodeAccess, From C:/Program Files/Epic Games/4.14/Engine/Plugins/Developer/XCodeSourceCodeAccess/XCodeSourceCodeAccess.uplugin
LogPluginManager: Loaded Plugin AudioCapture, From C:/Program Files/Epic Games/4.14/Engine/Plugins/Editor/AudioCapture/AudioCapture.uplugin
LogPluginManager: Loaded Plugin EpicSurvey, From C:/Program Files/Epic Games/4.14/Engine/Plugins/Editor/EpicSurvey/EpicSurvey.uplugin
LogPluginManager: Loaded Plugin MacGraphicsSwitching, From C:/Program Files/Epic Games/4.14/Engine/Plugins/Editor/MacGraphicsSwitching/MacGraphicsSwitching.uplugin
LogPluginManager: Loaded Plugin MobileLauncherProfileWizard, From C:/Program Files/Epic Games/4.14/Engine/Plugins/Editor/MobileLauncherProfileWizard/MobileLauncherProfileWizard.uplugin
LogPluginManager: Loaded Plugin PluginBrowser, From C:/Program Files/Epic Games/4.14/Engine/Plugins/Editor/PluginBrowser/PluginBrowser.uplugin
LogPluginManager: Loaded Plugin SpeedTreeImporter, From C:/Program Files/Epic Games/4.14/Engine/Plugins/Editor/SpeedTreeImporter/SpeedTreeImporter.uplugin
LogPluginManager: Loaded Plugin SuperSearchEditor, From C:/Program Files/Epic Games/4.14/Engine/Plugins/Editor/SuperSearchEditor/SuperSearchEditor.uplugin
LogPluginManager: Loaded Plugin AlembicImporter, From C:/Program Files/Epic Games/4.14/Engine/Plugins/Experimental/AlembicImporter/AlembicImporter.uplugin
LogPluginManager: Loaded Plugin BlueprintStats, From C:/Program Files/Epic Games/4.14/Engine/Plugins/Experimental/BlueprintStats/BlueprintStats.uplugin
LogPluginManager: Loaded Plugin CharacterAI, From C:/Program Files/Epic Games/4.14/Engine/Plugins/Experimental/CharacterAI/CharacterAI.uplugin
LogPluginManager: Loaded Plugin CodeEditor, From C:/Program Files/Epic Games/4.14/Engine/Plugins/Experimental/CodeEditor/CodeEditor.uplugin
LogPluginManager: Loaded Plugin CodeView, From C:/Program Files/Epic Games/4.14/Engine/Plugins/Experimental/CodeView/CodeView.uplugin
LogPluginManager: Loaded Plugin HTML5Networking, From C:/Program Files/Epic Games/4.14/Engine/Plugins/Experimental/HTML5Networking/HTML5Networking.uplugin
LogPluginManager: Loaded Plugin OSVR, From C:/Program Files/Epic Games/4.14/Engine/Plugins/Experimental/OSVR/OSVR.uplugin
LogPluginManager: Loaded Plugin Phya, From C:/Program Files/Epic Games/4.14/Engine/Plugins/Experimental/Phya/Phya.uplugin
LogPluginManager: Loaded Plugin SignificanceManager, From C:/Program Files/Epic Games/4.14/Engine/Plugins/Experimental/SignificanceManager/SignificanceManager.uplugin
LogPluginManager: Loaded Plugin SimpleHMD, From C:/Program Files/Epic Games/4.14/Engine/Plugins/Experimental/SimpleHMD/SimpleHMD.uplugin
LogPluginManager: Loaded Plugin StereoPanorama, From C:/Program Files/Epic Games/4.14/Engine/Plugins/Experimental/StereoPanorama/StereoPanorama.uplugin
LogPluginManager: Loaded Plugin StructBox, From C:/Program Files/Epic Games/4.14/Engine/Plugins/Experimental/StructBox/StructBox.uplugin
LogPluginManager: Loaded Plugin AndroidMedia, From C:/Program Files/Epic Games/4.14/Engine/Plugins/Media/AndroidMedia/AndroidMedia.uplugin
LogPluginManager: Loaded Plugin AvfMedia, From C:/Program Files/Epic Games/4.14/Engine/Plugins/Media/AvfMedia/AvfMedia.uplugin
LogPluginManager: Loaded Plugin MediaPlayerEditor, From C:/Program Files/Epic Games/4.14/Engine/Plugins/Media/MediaPlayerEditor/MediaPlayerEditor.uplugin
LogPluginManager: Loaded Plugin WmfMedia, From C:/Program Files/Epic Games/4.14/Engine/Plugins/Media/WmfMedia/WmfMedia.uplugin
LogPluginManager: Loaded Plugin MessagingDebugger, From C:/Program Files/Epic Games/4.14/Engine/Plugins/Messaging/MessagingDebugger/MessagingDebugger.uplugin
LogPluginManager: Loaded Plugin TcpMessaging, From C:/Program Files/Epic Games/4.14/Engine/Plugins/Messaging/TcpMessaging/TcpMessaging.uplugin
LogPluginManager: Loaded Plugin UdpMessaging, From C:/Program Files/Epic Games/4.14/Engine/Plugins/Messaging/UdpMessaging/UdpMessaging.uplugin
LogPluginManager: Loaded Plugin LevelSequenceEditor, From C:/Program Files/Epic Games/4.14/Engine/Plugins/MovieScene/LevelSequenceEditor/LevelSequenceEditor.uplugin
LogPluginManager: Loaded Plugin MatineeToLevelSequence, From C:/Program Files/Epic Games/4.14/Engine/Plugins/MovieScene/MatineeToLevelSequence/MatineeToLevelSequence.uplugin
LogPluginManager: Loaded Plugin NetcodeUnitTest, From C:/Program Files/Epic Games/4.14/Engine/Plugins/NetcodeUnitTest/NetcodeUnitTest/NetcodeUnitTest.uplugin
LogPluginManager: Loaded Plugin NUTUnrealEngine4, From C:/Program Files/Epic Games/4.14/Engine/Plugins/NetcodeUnitTest/NUTUnrealEngine4/NUTUnrealEngine4.uplugin
LogPluginManager: Loaded Plugin OnlineSubsystemGameCircle, From C:/Program Files/Epic Games/4.14/Engine/Plugins/Online/Android/OnlineSubsystemGameCircle/OnlineSubsystemGameCircle.uplugin
LogPluginManager: Loaded Plugin OnlineSubsystemGooglePlay, From C:/Program Files/Epic Games/4.14/Engine/Plugins/Online/Android/OnlineSubsystemGooglePlay/OnlineSubsystemGooglePlay.uplugin
LogPluginManager: Loaded Plugin OnlineSubsystemIOS, From C:/Program Files/Epic Games/4.14/Engine/Plugins/Online/IOS/OnlineSubsystemIOS/OnlineSubsystemIOS.uplugin
LogPluginManager: Loaded Plugin OnlineFramework, From C:/Program Files/Epic Games/4.14/Engine/Plugins/Online/OnlineFramework/OnlineFramework.uplugin
LogPluginManager: Loaded Plugin OnlineSubsystem, From C:/Program Files/Epic Games/4.14/Engine/Plugins/Online/OnlineSubsystem/OnlineSubsystem.uplugin
LogPluginManager: Loaded Plugin OnlineSubsystemAmazon, From C:/Program Files/Epic Games/4.14/Engine/Plugins/Online/OnlineSubsystemAmazon/OnlineSubsystemAmazon.uplugin
LogPluginManager: Loaded Plugin OnlineSubsystemFacebook, From C:/Program Files/Epic Games/4.14/Engine/Plugins/Online/OnlineSubsystemFacebook/OnlineSubsystemFacebook.uplugin
LogPluginManager: Loaded Plugin OnlineSubsystemNull, From C:/Program Files/Epic Games/4.14/Engine/Plugins/Online/OnlineSubsystemNull/OnlineSubsystemNull.uplugin
LogPluginManager: Loaded Plugin OnlineSubsystemOculus, From C:/Program Files/Epic Games/4.14/Engine/Plugins/Online/OnlineSubsystemOculus/OnlineSubsystemOculus.uplugin
LogPluginManager: Loaded Plugin OnlineSubsystemSteam, From C:/Program Files/Epic Games/4.14/Engine/Plugins/Online/OnlineSubsystemSteam/OnlineSubsystemSteam.uplugin
LogPluginManager: Loaded Plugin OnlineSubsystemUtils, From C:/Program Files/Epic Games/4.14/Engine/Plugins/Online/OnlineSubsystemUtils/OnlineSubsystemUtils.uplugin
LogPluginManager: Loaded Plugin IOSTapJoy, From C:/Program Files/Epic Games/4.14/Engine/Plugins/Runtime/Advertising/IOSTapJoy/IOSTapJoy.uplugin
LogPluginManager: Loaded Plugin AnalyticsBlueprintLibrary, From C:/Program Files/Epic Games/4.14/Engine/Plugins/Runtime/Analytics/AnalyticsBlueprintLibrary/AnalyticsBlueprintLibrary.uplugin
LogPluginManager: Loaded Plugin AnalyticsMulticast, From C:/Program Files/Epic Games/4.14/Engine/Plugins/Runtime/Analytics/AnalyticsMulticast/AnalyticsMulticast.uplugin
LogPluginManager: Loaded Plugin Apsalar, From C:/Program Files/Epic Games/4.14/Engine/Plugins/Runtime/Analytics/Apsalar/Apsalar.uplugin
LogPluginManager: Loaded Plugin FileLogging, From C:/Program Files/Epic Games/4.14/Engine/Plugins/Runtime/Analytics/FileLogging/FileLogging.uplugin
LogPluginManager: Loaded Plugin Flurry, From C:/Program Files/Epic Games/4.14/Engine/Plugins/Runtime/Analytics/Flurry/Flurry.uplugin
LogPluginManager: Loaded Plugin AndroidDeviceProfileSelector, From C:/Program Files/Epic Games/4.14/Engine/Plugins/Runtime/AndroidDeviceProfileSelector/AndroidDeviceProfileSelector.uplugin
LogPluginManager: Loaded Plugin AndroidMoviePlayer, From C:/Program Files/Epic Games/4.14/Engine/Plugins/Runtime/AndroidMoviePlayer/AndroidMoviePlayer.uplugin
LogPluginManager: Loaded Plugin AppleMoviePlayer, From C:/Program Files/Epic Games/4.14/Engine/Plugins/Runtime/AppleMoviePlayer/AppleMoviePlayer.uplugin
LogPluginManager: Loaded Plugin ArchVisCharacter, From C:/Program Files/Epic Games/4.14/Engine/Plugins/Runtime/ArchVisCharacter/ArchVisCharacter.uplugin
LogPluginManager: Loaded Plugin CableComponent, From C:/Program Files/Epic Games/4.14/Engine/Plugins/Runtime/CableComponent/CableComponent.uplugin
LogPluginManager: Loaded Plugin CustomMeshComponent, From C:/Program Files/Epic Games/4.14/Engine/Plugins/Runtime/CustomMeshComponent/CustomMeshComponent.uplugin
LogPluginManager: Loaded Plugin ExampleDeviceProfileSelector, From C:/Program Files/Epic Games/4.14/Engine/Plugins/Runtime/ExampleDeviceProfileSelector/ExampleDeviceProfileSelector.uplugin
LogPluginManager: Loaded Plugin GearVR, From C:/Program Files/Epic Games/4.14/Engine/Plugins/Runtime/GearVR/GearVR.uplugin
LogPluginManager: Loaded Plugin GoogleVRController, From C:/Program Files/Epic Games/4.14/Engine/Plugins/Runtime/GoogleVR/GoogleVRController/GoogleVRController.uplugin
LogPluginManager: Loaded Plugin GoogleVRHMD, From C:/Program Files/Epic Games/4.14/Engine/Plugins/Runtime/GoogleVR/GoogleVRHMD/GoogleVRHMD.uplugin
LogPluginManager: Loaded Plugin IOSDeviceProfileSelector, From C:/Program Files/Epic Games/4.14/Engine/Plugins/Runtime/IOSDeviceProfileSelector/IOSDeviceProfileSelector.uplugin
LogPluginManager: Loaded Plugin LeapMotion, From C:/Program Files/Epic Games/4.14/Engine/Plugins/Runtime/LeapMotion/LeapMotion.uplugin
LogPluginManager: Loaded Plugin LinuxDeviceProfileSelector, From C:/Program Files/Epic Games/4.14/Engine/Plugins/Runtime/LinuxDeviceProfileSelector/LinuxDeviceProfileSelector.uplugin
LogPluginManager: Loaded Plugin MIDIDevice, From C:/Program Files/Epic Games/4.14/Engine/Plugins/Runtime/MIDIDevice/MIDIDevice.uplugin
LogPluginManager: Loaded Plugin MobilePatchingUtils, From C:/Program Files/Epic Games/4.14/Engine/Plugins/Runtime/MobilePatchingUtils/MobilePatchingUtils.uplugin
LogPluginManager: Loaded Plugin Ansel, From C:/Program Files/Epic Games/4.14/Engine/Plugins/Runtime/Nvidia/Ansel/Ansel.uplugin
LogPluginManager: Loaded Plugin OculusAudio, From C:/Program Files/Epic Games/4.14/Engine/Plugins/Runtime/OculusAudio/OculusAudio.uplugin
LogPluginManager: Loaded Plugin OculusInput, From C:/Program Files/Epic Games/4.14/Engine/Plugins/Runtime/OculusInput/OculusInput.uplugin
LogPluginManager: Loaded Plugin OculusLibrary, From C:/Program Files/Epic Games/4.14/Engine/Plugins/Runtime/OculusLibrary/OculusLibrary.uplugin
LogPluginManager: Loaded Plugin OculusRift, From C:/Program Files/Epic Games/4.14/Engine/Plugins/Runtime/OculusRift/OculusRift.uplugin
LogPluginManager: Loaded Plugin Oodle, From C:/Program Files/Epic Games/4.14/Engine/Plugins/Runtime/PacketHandlers/CompressionComponents/Oodle/Oodle.uplugin
LogPluginManager: Loaded Plugin ProceduralMeshComponent, From C:/Program Files/Epic Games/4.14/Engine/Plugins/Runtime/ProceduralMeshComponent/ProceduralMeshComponent.uplugin
LogPluginManager: Loaded Plugin SoundMod, From C:/Program Files/Epic Games/4.14/Engine/Plugins/Runtime/SoundMod/SoundMod.uplugin
LogPluginManager: Loaded Plugin SoundVisualizations, From C:/Program Files/Epic Games/4.14/Engine/Plugins/Runtime/SoundVisualizations/SoundVisualizations.uplugin
LogPluginManager: Loaded Plugin SteamController, From C:/Program Files/Epic Games/4.14/Engine/Plugins/Runtime/Steam/SteamController/SteamController.uplugin
LogPluginManager: Loaded Plugin SteamVR, From C:/Program Files/Epic Games/4.14/Engine/Plugins/Runtime/Steam/SteamVR/SteamVR.uplugin
LogPluginManager: Loaded Plugin WebBrowserWidget, From C:/Program Files/Epic Games/4.14/Engine/Plugins/Runtime/WebBrowserWidget/WebBrowserWidget.uplugin
LogPluginManager: Loaded Plugin WindowsDeviceProfileSelector, From C:/Program Files/Epic Games/4.14/Engine/Plugins/Runtime/WindowsDeviceProfileSelector/WindowsDeviceProfileSelector.uplugin
LogPluginManager: Loaded Plugin WindowsMoviePlayer, From C:/Program Files/Epic Games/4.14/Engine/Plugins/Runtime/WindowsMoviePlayer/WindowsMoviePlayer.uplugin
LogPluginManager: Loaded Plugin ScriptPlugin, From C:/Program Files/Epic Games/4.14/Engine/Plugins/ScriptPlugin/ScriptPlugin.uplugin
LogPluginManager: Loaded Plugin SlateRemote, From C:/Program Files/Epic Games/4.14/Engine/Plugins/Slate/SlateRemote/SlateRemote.uplugin
LogPluginManager: Loaded Plugin EditorTests, From C:/Program Files/Epic Games/4.14/Engine/Plugins/Tests/EditorTests/EditorTests.uplugin
LogPluginManager: Loaded Plugin FbxAutomationTestBuilder, From C:/Program Files/Epic Games/4.14/Engine/Plugins/Tests/FbxAutomationTestBuilder/FbxAutomationTestBuilder.uplugin
LogPluginManager: Loaded Plugin FunctionalTestingEditor, From C:/Program Files/Epic Games/4.14/Engine/Plugins/Tests/FunctionalTestingEditor/FunctionalTestingEditor.uplugin
LogPluginManager: Loaded Plugin RuntimeTests, From C:/Program Files/Epic Games/4.14/Engine/Plugins/Tests/RuntimeTests/RuntimeTests.uplugin
LogPluginManager: Loaded Plugin ScreenshotTools, From C:/Program Files/Epic Games/4.14/Engine/Plugins/Tests/ScreenshotTools/ScreenshotTools.uplugin
LogInit: Using libcurl 7.47.1
LogInit:  - built for x86_64-pc-win32
LogInit:  - supports SSL with OpenSSL/1.0.2g
LogInit:  - supports HTTP deflate (compression) using libz 1.2.8
LogInit:  - other features:
LogInit:      CURL_VERSION_SSL
LogInit:      CURL_VERSION_LIBZ
LogInit:      CURL_VERSION_IPV6
LogInit:      CURL_VERSION_ASYNCHDNS
LogInit:      CURL_VERSION_LARGEFILE
LogInit:      CURL_VERSION_IDN
LogInit:  CurlRequestOptions (configurable via config and command line):
LogInit:  - bVerifyPeer = false  - Libcurl will NOT verify peer certificate
LogInit:  - bUseHttpProxy = false  - Libcurl will NOT use HTTP proxy
LogInit:  - bDontReuseConnections = false  - Libcurl will reuse connections
LogInit:  - CertBundlePath = nullptr  - Libcurl will use whatever was configured at build time.
LogInit: Build: ++UE4+Release-4.14-CL-3249277
LogInit: Engine Version: 4.14.3-3249277+++UE4+Release-4.14
LogInit: Compatible Engine Version: 4.14.0-3195953+++UE4+Release-4.14
LogInit: Net CL: 3195953
LogDevObjectVersion: Number of dev versions registered: 13
LogDevObjectVersion:   Dev-Blueprints (B0D832E4-1F89-4F0D-ACCF-7EB736FD4AA2): 7
LogDevObjectVersion:   Dev-Build (E1C64328-A22C-4D53-A36C-8E866417BD8C): 0
LogDevObjectVersion:   Dev-Core (375EC13C-06E4-48FB-B500-84F0262A717E): 1
LogDevObjectVersion:   Dev-Editor (E4B068ED-F494-42E9-A231-DA0B2E46BB41): 8
LogDevObjectVersion:   Dev-Framework (CFFC743F-43B0-4480-9391-14DF171D2073): 17
LogDevObjectVersion:   Dev-Mobile (B02B49B5-BB20-44E9-A304-32B752E40360): 0
LogDevObjectVersion:   Dev-Networking (A4E4105C-59A1-49B5-A7C5-40C4547EDFEE): 0
LogDevObjectVersion:   Dev-Online (39C831C9-5AE6-47DC-9A44-9C173E1C8E7C): 0
LogDevObjectVersion:   Dev-Physics (78F01B33-EBEA-4F98-B9B4-84EACCB95AA2): 0
LogDevObjectVersion:   Dev-Platform (6631380F-2D4D-43E0-8009-CF276956A95A): 0
LogDevObjectVersion:   Dev-Rendering (12F88B9F-8875-4AFC-A67C-D90C383ABD29): 12
LogDevObjectVersion:   Dev-Sequencer (7B5AE74C-D270-4C10-A958-57980B212A5A): 1
LogDevObjectVersion:   Dev-VR (D7296918-1DD6-4BDD-9DE2-64A83CC13884): 0
LogInit: Compiled (64-bit): Jan  6 2017 10:49:43
LogInit: Compiled with Visual C++: 19.00.23026.00
LogInit: Build Configuration: Development
LogInit: Branch Name: ++UE4+Release-4.14
LogInit: Command line: -EpicPortal
LogInit: Base directory: C:/Program Files/Epic Games/4.14/Engine/Binaries/Win64/
LogInit: Installed Engine Build: 1
LogInit: Presizing for max 8388607 objects, including 0 objects not considered by GC, pre-allocating 0 bytes for permanent pool.
LogInit: Object subsystem initialized
[2017.03.14-18.04.02:938][  0]LogInit: Selected Device Profile: [Windows]
[2017.03.14-18.04.02:938][  0]LogInit: Applying CVar settings loaded from the selected device profile: [Windows]
[2017.03.14-18.04.03:200][  0]LogInit: Computer: ARNAU
[2017.03.14-18.04.03:200][  0]LogInit: User: ARNAU
[2017.03.14-18.04.03:200][  0]LogInit: CPU Page size=65536, Cores=4
[2017.03.14-18.04.03:200][  0]LogInit: High frequency timer resolution =2.240906 MHz
[2017.03.14-18.04.03:200][  0]LogMemory: Memory total: Physical=7.9GB (8GB approx)
[2017.03.14-18.04.03:200][  0]LogMemory: Platform Memory Stats for Windows
[2017.03.14-18.04.03:200][  0]LogMemory: Process Physical Memory: 263.71 MB used, 263.71 MB peak
[2017.03.14-18.04.03:200][  0]LogMemory: Process Virtual Memory: 262.71 MB used, 262.71 MB peak
[2017.03.14-18.04.03:200][  0]LogMemory: Physical Memory: 6306.56 MB used,  1805.81 MB free, 8112.37 MB total
[2017.03.14-18.04.03:200][  0]LogMemory: Virtual Memory: 676.55 MB used,  1805.81 MB free, 134217728.00 MB total
[2017.03.14-18.04.05:517][  0]LogInit: Overriding culture en with editor configuration.
[2017.03.14-18.04.33:183][  0]LogD3D11RHI: D3D11 adapters:
[2017.03.14-18.04.33:213][  0]LogD3D11RHI:    0. 'NVIDIA GeForce 820M' (Feature Level 11_0)
[2017.03.14-18.04.33:213][  0]LogD3D11RHI:       1999/0/4056 MB DedicatedVideo/DedicatedSystem/SharedSystem, Outputs:1, VendorId:0x10de
[2017.03.14-18.04.33:404][  0]LogD3D11RHI:    1. 'Intel(R) HD Graphics 4600' (Feature Level 11_0)
[2017.03.14-18.04.33:404][  0]LogD3D11RHI:       112/0/2048 MB DedicatedVideo/DedicatedSystem/SharedSystem, Outputs:0, VendorId:0x8086
[2017.03.14-18.04.33:407][  0]LogD3D11RHI:    2. 'Microsoft Basic Render Driver' (Feature Level 11_0)
[2017.03.14-18.04.33:407][  0]LogD3D11RHI:       0/0/4056 MB DedicatedVideo/DedicatedSystem/SharedSystem, Outputs:0, VendorId:0x1414
[2017.03.14-18.04.33:407][  0]LogD3D11RHI: Chosen D3D11 Adapter: 0
[2017.03.14-18.04.33:414][  0]LogD3D11RHI: Creating new Direct3DDevice
[2017.03.14-18.04.33:414][  0]LogD3D11RHI:     GPU DeviceId: 0x1140 (for the marketing name, search the web for "GPU Device Id")
[2017.03.14-18.04.33:414][  0]LogWindows: EnumDisplayDevices:
[2017.03.14-18.04.33:414][  0]LogWindows:    0. 'Intel(R) HD Graphics 4600' (P:1 D:1)
[2017.03.14-18.04.33:414][  0]LogWindows:    1. 'Intel(R) HD Graphics 4600' (P:0 D:0)
[2017.03.14-18.04.33:415][  0]LogWindows:    2. 'Intel(R) HD Graphics 4600' (P:0 D:0)
[2017.03.14-18.04.33:415][  0]LogWindows: DebugString: PrimaryIsNotTheChoosenAdapter PrimaryIsNotTheChoosenAdapter PrimaryIsNotTheChoosenAdapter FoundDriverCount:0 
[2017.03.14-18.04.33:415][  0]LogD3D11RHI:     Adapter Name: NVIDIA GeForce 820M
[2017.03.14-18.04.33:415][  0]LogD3D11RHI:   Driver Version: Unknown (internal:Unknown, unified:Unknown)
[2017.03.14-18.04.33:415][  0]LogD3D11RHI:      Driver Date: Unknown
[2017.03.14-18.04.33:415][  0]LogRHI: Texture pool is 1361 MB (70% of 1945 MB)
[2017.03.14-18.04.33:431][  0]LogD3D11RHI:Warning: Timestamp queries are currently disabled on this hardware due to instability. Realtime GPU stats will not be available. You can override this behaviour by setting r.NVIDIATimestampWorkaround to 0
[2017.03.14-18.04.33:431][  0]LogD3D11RHI: Async texture creation enabled
[2017.03.14-18.04.33:442][  0]LogD3D11RHI: GPU Timing Frequency: 1000.000000 (Debug: 2 1)
[2017.03.14-18.04.33:443][  0]LogShaderCompilers: Guid format shader working directory is -26 characters bigger than the processId version (../../../../../../Users/ARNAU/Desktop/P2_motors/trunk/Práctica2ArnauJavi/Intermediate/Shaders/WorkingDirectory/1200/).
[2017.03.14-18.04.33:443][  0]LogShaderCompilers: Cleaned the shader compiler working directory 'C:/Users/ARNAU/AppData/Local/Temp/UnrealShaderWorkingDir/AC6501CF4154540136E8ADAD50C663D3/'.
[2017.03.14-18.04.33:443][  0]LogShaderCompilers:Display: Using Local Shader Compiler.
[2017.03.14-18.04.52:319][  0]LogTemp:Display: Loaded TP AllDesktopTargetPlatform
[2017.03.14-18.04.52:492][  0]LogTemp:Display: Loaded TP MacClientTargetPlatform
[2017.03.14-18.04.52:703][  0]LogTemp:Display: Loaded TP MacNoEditorTargetPlatform
[2017.03.14-18.04.52:924][  0]LogTemp:Display: Loaded TP MacServerTargetPlatform
[2017.03.14-18.04.53:215][  0]LogTemp:Display: Loaded TP MacTargetPlatform
[2017.03.14-18.04.53:395][  0]LogTemp:Display: Loaded TP WindowsClientTargetPlatform
[2017.03.14-18.04.53:602][  0]LogTemp:Display: Loaded TP WindowsNoEditorTargetPlatform
[2017.03.14-18.04.53:806][  0]LogTemp:Display: Loaded TP WindowsServerTargetPlatform
[2017.03.14-18.04.53:986][  0]LogTemp:Display: Loaded TP WindowsTargetPlatform
[2017.03.14-18.04.54:136][  0]LogTemp:Display: Loaded TP AndroidTargetPlatform
[2017.03.14-18.04.54:302][  0]LogTemp:Display: Loaded TP Android_ASTCTargetPlatform
[2017.03.14-18.04.54:455][  0]LogTemp:Display: Loaded TP Android_ATCTargetPlatform
[2017.03.14-18.04.54:646][  0]LogTemp:Display: Loaded TP Android_DXTTargetPlatform
[2017.03.14-18.04.54:852][  0]LogTemp:Display: Loaded TP Android_ETC1TargetPlatform
[2017.03.14-18.04.55:043][  0]LogTemp:Display: Loaded TP Android_ETC2TargetPlatform
[2017.03.14-18.04.55:388][  0]LogTemp:Display: Loaded TP Android_MultiTargetPlatform
[2017.03.14-18.04.55:388][  0]LogTemp:Display: Loaded TP Android_PVRTCTargetPlatform
[2017.03.14-18.04.55:621][  0]LogTemp:Display: Loaded TP HTML5TargetPlatform
[2017.03.14-18.04.56:133][  0]LogTemp:Display: Loaded TP IOSTargetPlatform
[2017.03.14-18.04.56:276][  0]LogTemp:Display: Loaded TP TVOSTargetPlatform
[2017.03.14-18.04.56:432][  0]LogTemp:Display: Loaded TP LinuxClientTargetPlatform
[2017.03.14-18.04.56:602][  0]LogTemp:Display: Loaded TP LinuxNoEditorTargetPlatform
[2017.03.14-18.04.56:786][  0]LogTemp:Display: Loaded TP LinuxServerTargetPlatform
[2017.03.14-18.04.56:936][  0]LogTemp:Display: Loaded TP LinuxTargetPlatform
[2017.03.14-18.04.56:936][  0]LogTargetPlatformManager:Display: Building Assets For Windows
[2017.03.14-18.04.59:138][  0]LogDerivedDataCache:Display: Max Cache Size: 512 MB
[2017.03.14-18.05.00:095][  0]LogDerivedDataCache: Loaded boot cache 0.94s 50MB C:/Users/ARNAU/AppData/Local/UnrealEngine/4.14/DerivedDataCache/Boot.ddc.
[2017.03.14-18.05.00:095][  0]LogDerivedDataCache:Display: Loaded Boot cache: C:/Users/ARNAU/AppData/Local/UnrealEngine/4.14/DerivedDataCache/Boot.ddc
[2017.03.14-18.05.00:096][  0]LogDerivedDataCache: FDerivedDataBackendGraph:  Pak pak cache file ../../../../../../Users/ARNAU/Desktop/P2_motors/trunk/Práctica2ArnauJavi/DerivedDataCache/DDC.ddp not found, will not use a pak cache.
[2017.03.14-18.05.00:096][  0]LogDerivedDataCache: Unable to find inner node Pak for hierarchical cache Hierarchy.
[2017.03.14-18.05.00:096][  0]LogDerivedDataCache: FDerivedDataBackendGraph:  CompressedPak pak cache file ../../../../../../Users/ARNAU/Desktop/P2_motors/trunk/Práctica2ArnauJavi/DerivedDataCache/Compressed.ddp not found, will not use a pak cache.
[2017.03.14-18.05.00:096][  0]LogDerivedDataCache: Unable to find inner node CompressedPak for hierarchical cache Hierarchy.
[2017.03.14-18.05.00:134][  0]LogDerivedDataCache:Display: Pak cache opened for reading ../../../Engine/DerivedDataCache/Compressed.ddp.
[2017.03.14-18.05.00:147][  0]LogDerivedDataCache: Using Local data cache path C:/Users/ARNAU/AppData/Local/UnrealEngine/Common/DerivedDataCache: Writable
[2017.03.14-18.05.08:089][  0]LogInit: Selected Device Profile: [Windows]
[2017.03.14-18.05.08:092][  0]LogContentStreaming: Texture pool size is 0.00 MB
[2017.03.14-18.05.09:074][  0]LogMeshUtilities: Using QuadricMeshReduction for automatic static mesh reduction
[2017.03.14-18.05.09:509][  0]LogSimplygon: Simplygon DLL not present - disabling.
[2017.03.14-18.05.09:769][  0]LogMeshUtilities: Using SimplygonSwarm for distributed automatic mesh merging
[2017.03.14-18.05.09:769][  0]LogMeshUtilities: No automatic skeletal mesh reduction module available
[2017.03.14-18.05.09:769][  0]LogMeshUtilities: No automatic mesh merging module available
[2017.03.14-18.05.12:452][  0]LogNetVersion: GetLocalNetworkVersion: CL: 3195953, ProjectName: práctica2_arnaujavi, ProjectVersion: , EngineNetworkVersion: 2, GameNetworkVersion: 0, NetworkChecksum: 1891819216
[2017.03.14-18.05.12:637][  0]LogAssetRegistry: FAssetRegistry took 0.0224 seconds to start up
[2017.03.14-18.05.12:806][  0]LogPackageLocalizationCache: Processed 3 localized package path(s) for 1 prioritized culture(s) in 0.086565 seconds
[2017.03.14-18.05.12:814][  0]LogUObjectArray: 31947 objects as part of root set at end of initial load.
[2017.03.14-18.05.12:814][  0]LogUObjectAllocator: 6936072 out of 0 bytes used by permanent object pool.
[2017.03.14-18.05.12:814][  0]LogUObjectArray: CloseDisregardForGC: 0/0 objects in disregard for GC pool
[2017.03.14-18.05.13:158][  0]LogInit: WinSock: version 1.1 (2.2), MaxSocks=32767, MaxUdp=65467
[2017.03.14-18.05.18:637][  0]LogSlate: Using Freetype 2.6.0
[2017.03.14-18.05.18:642][  0]LogSlate: SlateFontCache - WITH_FREETYPE: 1, WITH_HARFBUZZ: 1
[2017.03.14-18.05.18:642][  0]LogSlate: SlateFontCache - WITH_FREETYPE: 1, WITH_HARFBUZZ: 1
[2017.03.14-18.05.53:023][  0]LogTcpMessaging: Initializing TcpMessaging bridge
[2017.03.14-18.05.53:199][  0]LogUdpMessaging: Initializing bridge on interface 0.0.0.0:0 to multicast group 230.0.0.1:6666.
[2017.03.14-18.05.54:947][  0]LogMaterial: Uniform references updated for custom material expression Custom.
[2017.03.14-18.05.56:689][  0]SourceControl: Info Source control is disabled
[2017.03.14-18.05.56:756][  0]SourceControl: Info Source control is disabled
[2017.03.14-18.05.57:022][  0]SourceControl: Info Source control is disabled
[2017.03.14-18.05.57:262][  0]SourceControl: Info Source control is disabled
[2017.03.14-18.06.04:205][  0]LogEngine: Initializing Engine...
[2017.03.14-18.06.04:206][  0]LogHMD: Failed to initialize OpenVR with code 110
[2017.03.14-18.06.04:884][  0]LogAIModule: Creating AISystem for world Untitled
[2017.03.14-18.06.04:947][  0]LogInit: XAudio2 using 'Altavoces (Realtek High Definition Audio)' : 2 channels at 48 kHz using 32 bits per sample (channel mask 0x3)
[2017.03.14-18.06.05:001][  0]LogInit: FAudioDevice initialized.
[2017.03.14-18.06.05:044][  0]LogDerivedDataCache: Saved boot cache 0.04s 50MB C:/Users/ARNAU/AppData/Local/UnrealEngine/4.14/DerivedDataCache/Boot.ddc.
[2017.03.14-18.06.05:055][  0]LogInit: Texture streaming: Enabled
[2017.03.14-18.06.05:789][  0]LogInit: Transaction tracking system initialized
[2017.03.14-18.06.07:244][  0]BlueprintLog: New page: Editor Load
[2017.03.14-18.06.10:838][  0]LocalizationService: Info Localization service is disabled
[2017.03.14-18.06.13:441][  0]LogConsoleResponse:Display: 
[2017.03.14-18.06.16:214][  0]LogCook:Display: Max memory allowance for cook 16384mb min free memory 0mb
[2017.03.14-18.06.16:214][  0]LogCook:Display: Mobile HDR setting 1
[2017.03.14-18.06.16:368][  0]LogFileCache: Scanning file cache for directory 'C:/Users/ARNAU/Desktop/P2_motors/trunk/Práctica2ArnauJavi/Content/' took 0.03s
[2017.03.14-18.06.21:494][  0]SourceControl: Info Source control is disabled
[2017.03.14-18.06.21:494][  0]Cmd: MAP LOAD FILE="../../../../../../Users/ARNAU/Desktop/P2_motors/trunk/Práctica2ArnauJavi/Content/StarterContent/Maps/Minimal_Default.umap" TEMPLATE=0 SHOWPROGRESS=1 FEATURELEVEL=3
[2017.03.14-18.06.21:495][  0]LightingResults: New page: Lighting Build
[2017.03.14-18.06.21:650][  0]MapCheck: New page: Map Check
[2017.03.14-18.06.21:650][  0]LightingResults: New page: Lighting Build
[2017.03.14-18.06.27:164][  0]LogAIModule: Creating AISystem for world Minimal_Default
[2017.03.14-18.06.27:279][  0]LogEditorServer: Finished looking for orphan Actors (0.000 secs)
[2017.03.14-18.06.27:285][  0]Cmd: MAP CHECKDEP NOCLEARLOG
[2017.03.14-18.06.27:519][  0]MapCheck: Info Map check complete: 0 Error(s), 0 Warning(s), took 233.336ms to complete.
[2017.03.14-18.06.27:519][  0]LogFileHelpers: Loading map 'Minimal_Default' took 6.025
[2017.03.14-18.06.27:859][  0]LogCollectionManager: Loaded 0 collections in 0.008754 seconds
[2017.03.14-18.06.28:003][  0]LogFileCache: Scanning file cache for directory 'C:/Users/ARNAU/Desktop/P2_motors/trunk/Práctica2ArnauJavi/Saved/Collections/' took 0.01s
[2017.03.14-18.06.28:003][  0]LogFileCache: Scanning file cache for directory 'C:/Users/ARNAU/Desktop/P2_motors/trunk/Práctica2ArnauJavi/Content/Developers/ARNAU/Collections/' took 0.01s
[2017.03.14-18.06.28:003][  0]LogFileCache: Scanning file cache for directory 'C:/Users/ARNAU/Desktop/P2_motors/trunk/Práctica2ArnauJavi/Content/Collections/' took 0.01s
[2017.03.14-18.06.28:003][  0]LogCollectionManager: Rebuilt the GUID cache for 0 collections in 0.000002 seconds
[2017.03.14-18.06.28:012][  0]LogContentBrowser: Native class hierarchy populated in 0.0094 seconds. Added 2190 classes and 428 folders.
[2017.03.14-18.06.28:119][  0]LogStats: UGameplayTagsManager::ConstructGameplayTagTree: Construct from data asset -  0.000 s
[2017.03.14-18.06.28:119][  0]LogStats: UGameplayTagsManager::ConstructGameplayTagTree: GameplayTagTreeChangedEvent.Broadcast -  0.000 s
[2017.03.14-18.06.28:119][  0]LogContentBrowser: Native class hierarchy updated for 'GameplayTags' in 0.0006 seconds. Added 13 classes and 0 folders.
[2017.03.14-18.06.28:285][  0]LogContentBrowser: Native class hierarchy updated for 'WidgetCarousel' in 0.0007 seconds. Added 0 classes and 0 folders.
[2017.03.14-18.06.30:056][  0]LogContentBrowser: Native class hierarchy updated for 'AddContentDialog' in 0.0005 seconds. Added 0 classes and 0 folders.
[2017.03.14-18.06.30:230][  0]LogContentBrowser: Native class hierarchy updated for 'SceneOutliner' in 0.0007 seconds. Added 1 classes and 2 folders.
[2017.03.14-18.06.30:478][  0]LogContentBrowser: Native class hierarchy updated for 'WorldBrowser' in 0.0006 seconds. Added 1 classes and 3 folders.
[2017.03.14-18.06.30:659][  0]LogCrashTracker: Crashtracker disabled due to settings.
[2017.03.14-18.06.30:664][  0]LogUObjectGlobals:Warning: Failed to find object 'Class None.'
[2017.03.14-18.06.30:835][  0]LogContentBrowser: Native class hierarchy updated for 'HierarchicalLODOutliner' in 0.0006 seconds. Added 1 classes and 2 folders.
[2017.03.14-18.06.30:835][  0]LogLoad: (Engine Initialization) Total time: 160.93 seconds
[2017.03.14-18.06.30:835][  0]LogLoad: (Engine Initialization) Total Blueprint compile time: 0.71 seconds
[2017.03.14-18.06.30:835][  0]LogExternalProfiler: Found external profiler: VSPerf
[2017.03.14-18.06.30:835][  0]LogExternalProfiler: Using external profiler: VSPerf
[2017.03.14-18.06.31:175][  0]LogOcInput: OculusInput pre-init called
[2017.03.14-18.06.31:195][  0]LogContentStreaming: Texture pool size now 800 MB
[2017.03.14-18.06.31:423][  0]LogRenderer: Reallocating scene render targets to support 896x328 NumSamples 1 (Frame:2).
[2017.03.14-18.06.31:615][  1]LogAssetRegistry: Asset discovery search completed in 79.0004 seconds
[2017.03.14-18.06.31:615][  1]LogCollectionManager: Rebuilt the object cache for 0 collections in 0.000000 seconds (found 0 objects)
[2017.03.14-18.06.31:615][  1]LogCollectionManager: Fixed up redirectors for 0 collections in 0.000019 seconds (updated 0 objects)
[2017.03.14-18.07.01:416][572]LogSavePackage: Save=16.47ms
[2017.03.14-18.07.01:416][572]LogSavePackage: Moving '../../../../../../Users/ARNAU/Desktop/P2_motors/trunk/Práctica2ArnauJavi/Saved/Aim_CenterFFCE59164512205CC93E8587A7622DDF.tmp' to '../../../../../../Users/ARNAU/Desktop/P2_motors/trunk/Práctica2ArnauJavi/Content/Animations/Aim/Ironsights/Aim_Center.uasset'
[2017.03.14-18.07.01:422][572]LogSavePackage:Display: Finished SavePackage ../../../../../../Users/ARNAU/Desktop/P2_motors/trunk/Práctica2ArnauJavi/Content/Animations/Aim/Ironsights/Aim_Center.uasset
[2017.03.14-18.07.01:468][572]LogSavePackage: Save=12.59ms
[2017.03.14-18.07.01:468][572]LogSavePackage: Moving '../../../../../../Users/ARNAU/Desktop/P2_motors/trunk/Práctica2ArnauJavi/Saved/Aim_Space_Ironsights_28E78ED5B4444E06A9EA3F68D6916AC84.tmp' to '../../../../../../Users/ARNAU/Desktop/P2_motors/trunk/Práctica2ArnauJavi/Content/Animations/Aim/Ironsights/Aim_Space_Ironsights_2.uasset'
[2017.03.14-18.07.01:472][572]LogSavePackage:Display: Finished SavePackage ../../../../../../Users/ARNAU/Desktop/P2_motors/trunk/Práctica2ArnauJavi/Content/Animations/Aim/Ironsights/Aim_Space_Ironsights_2.uasset
[2017.03.14-18.07.01:691][572]Cmd: OBJ SAVEPACKAGE PACKAGE="/Game/Character/ShooterBP/AIM_Hero" FILE="../../../../../../Users/ARNAU/Desktop/P2_motors/trunk/Práctica2ArnauJavi/Content/Character/ShooterBP/AIM_Hero.uasset" SILENT=true
[2017.03.14-18.07.01:812][572]LogSavePackage: Save=14.58ms
[2017.03.14-18.07.01:812][572]LogSavePackage: Moving '../../../../../../Users/ARNAU/Desktop/P2_motors/trunk/Práctica2ArnauJavi/Saved/AIM_Hero6BAA2F9844828F542CC4009C1E86785D.tmp' to '../../../../../../Users/ARNAU/Desktop/P2_motors/trunk/Práctica2ArnauJavi/Content/Character/ShooterBP/AIM_Hero.uasset'
[2017.03.14-18.07.01:816][572]LogSavePackage:Display: Finished SavePackage ../../../../../../Users/ARNAU/Desktop/P2_motors/trunk/Práctica2ArnauJavi/Content/Character/ShooterBP/AIM_Hero.uasset
[2017.03.14-18.07.05:712][731]LogSkeletalMesh: InitArticulated: Bodies already created (/Engine/Transient.DebugSkelMeshComponent_0) - call TermArticulated first.
[2017.03.14-18.07.05:948][731]LogContentBrowser:Verbose: The majority of assets in the view are of type: AnimSequence
[2017.03.14-18.07.51:674][573]LogAnimationCompression: Building Anim DDC data for AnimSequence /Game/Animations/Aim/Ironsights/Aim_Space_Ironsights_2.Aim_Space_Ironsights_2
[2017.03.14-18.07.56:857][881]LogAnimationCompression: Building Anim DDC data for AnimSequence /Game/Animations/Aim/Ironsights/Aim_Space_Ironsights_2.Aim_Space_Ironsights_2
[2017.03.14-18.08.00:399][ 87]LogSavePackage: Save=3.64ms
[2017.03.14-18.08.00:399][ 87]LogSavePackage: Moving '../../../../../../Users/ARNAU/Desktop/P2_motors/trunk/Práctica2ArnauJavi/Saved/Aim_Space_Ironsights_2B6DCDB5B4B9AA33EBD9D5CB072A6A2D7.tmp' to '../../../../../../Users/ARNAU/Desktop/P2_motors/trunk/Práctica2ArnauJavi/Content/Animations/Aim/Ironsights/Aim_Space_Ironsights_2.uasset'
[2017.03.14-18.08.00:404][ 87]LogSavePackage:Display: Finished SavePackage ../../../../../../Users/ARNAU/Desktop/P2_motors/trunk/Práctica2ArnauJavi/Content/Animations/Aim/Ironsights/Aim_Space_Ironsights_2.uasset
[2017.03.14-18.08.04:233][233]Cmd: TRANSACTION UNDO
[2017.03.14-18.08.04:233][233]LogEditorTransaction: Undo Crop Animation Sequence
[2017.03.14-18.08.04:297][233]LogActorComponent: RegisterComponentWithWorld: (/Engine/Transient.DebugSkelMeshComponent_0) Already registered. Aborting.
[2017.03.14-18.09.05:293][650]LogSkeletalMesh: InitArticulated: Bodies already created (/Engine/Transient.DebugSkelMeshComponent_3) - call TermArticulated first.
[2017.03.14-18.09.05:487][650]LogContentBrowser:Verbose: The majority of assets in the view are of type: AnimSequence
[2017.03.14-18.09.12:685][  9]Cmd: TRANSACTION UNDO
[2017.03.14-18.09.12:685][  9]LogEditorTransaction: Undo Crop Animation Sequence
[2017.03.14-18.09.12:688][  9]LogActorComponent: RegisterComponentWithWorld: (/Engine/Transient.DebugSkelMeshComponent_0) Already registered. Aborting.
[2017.03.14-18.09.12:690][  9]LogActorComponent: RegisterComponentWithWorld: (/Engine/Transient.DebugSkelMeshComponent_3) Already registered. Aborting.
[2017.03.14-18.09.26:128][332]LogObjectTools:Warning: ForceReplaceReferences replaced references for a transient object 'AnimPreviewInstance_5' or package '/Engine/Transient'.
[2017.03.14-18.09.26:128][332]LogObjectTools:Warning: ForceReplaceReferences replaced references for a transient object 'DebugSkelMeshComponent_3' or package '/Engine/Transient'.
[2017.03.14-18.09.26:128][332]LogObjectTools:Warning: ForceReplaceReferences replaced references for a transient object 'AnimPreviewInstance_2' or package '/Engine/Transient'.
[2017.03.14-18.09.26:129][332]LogObjectTools:Warning: ForceReplaceReferences replaced references for a transient object 'DebugSkelMeshComponent_0' or package '/Engine/Transient'.
[2017.03.14-18.09.27:445][373]LogSkeletalMesh: InitArticulated: Bodies already created (/Engine/Transient.DebugSkelMeshComponent_6) - call TermArticulated first.
[2017.03.14-18.09.27:676][373]LogContentBrowser:Verbose: The majority of assets in the view are of type: AnimSequence
[2017.03.14-18.10.12:988][743]LogSkeletalMesh: InitArticulated: Bodies already created (/Engine/Transient.DebugSkelMeshComponent_9) - call TermArticulated first.
[2017.03.14-18.10.13:247][743]LogContentBrowser:Verbose: The majority of assets in the view are of type: AnimSequence
[2017.03.14-18.10.31:169][725]LogSkeletalMesh: InitArticulated: Bodies already created (/Engine/Transient.DebugSkelMeshComponent_12) - call TermArticulated first.
[2017.03.14-18.10.31:369][725]LogContentBrowser:Verbose: The majority of assets in the view are of type: AnimSequence
[2017.03.14-18.10.41:823][224]LogAnimationCompression: Building Anim DDC data for AnimSequence /Game/Animations/Aim/Ironsights/Aim_up.Aim_up
[2017.03.14-18.10.44:443][380]LogAnimationCompression: Building Anim DDC data for AnimSequence /Game/Animations/Aim/Ironsights/Aim_up.Aim_up
[2017.03.14-18.10.47:445][557]LogSavePackage: Save=12.10ms
[2017.03.14-18.10.47:445][557]LogSavePackage: Moving '../../../../../../Users/ARNAU/Desktop/P2_motors/trunk/Práctica2ArnauJavi/Saved/Aim_up8F01B8F642B9EDBD98278FBCF63D4F92.tmp' to '../../../../../../Users/ARNAU/Desktop/P2_motors/trunk/Práctica2ArnauJavi/Content/Animations/Aim/Ironsights/Aim_up.uasset'
[2017.03.14-18.10.47:449][557]LogSavePackage:Display: Finished SavePackage ../../../../../../Users/ARNAU/Desktop/P2_motors/trunk/Práctica2ArnauJavi/Content/Animations/Aim/Ironsights/Aim_up.uasset
[2017.03.14-18.12.27:675][278]LogSkeletalMesh: InitArticulated: Bodies already created (/Engine/Transient.DebugSkelMeshComponent_15) - call TermArticulated first.
[2017.03.14-18.12.27:897][278]LogContentBrowser:Verbose: The majority of assets in the view are of type: AnimSequence
[2017.03.14-18.12.28:444][281]LogD3D11RHI: Timed out while waiting for GPU to catch up. (0.5 s)
[2017.03.14-18.12.28:947][282]LogD3D11RHI: Timed out while waiting for GPU to catch up. (0.5 s)
[2017.03.14-18.12.29:447][282]LogD3D11RHI: Timed out while waiting for GPU to catch up. (0.5 s)
[2017.03.14-18.12.29:949][282]LogD3D11RHI: Timed out while waiting for GPU to catch up. (0.5 s)
[2017.03.14-18.12.30:450][283]LogD3D11RHI: Timed out while waiting for GPU to catch up. (0.5 s)
[2017.03.14-18.12.30:608][284]LogD3D11RHI:Error: Result failed 
 at D:\Build\++UE4+Release-4.14+Compile\Sync\Engine\Source\Runtime\Windows\D3D11RHI\Private\D3D11Viewport.cpp:275 
 with error DXGI_ERROR_DEVICE_REMOVED DXGI_ERROR_DEVICE_HUNG
[2017.03.14-18.12.30:612][285]LogWindows: Windows GetLastError: La operación se completó correctamente. (0)
[2017.03.14-18.12.33:712][285]LogCrashTracker: 


[2017.03.14-18.12.33:721][285]LogWindows: Windows GetLastError: La operación se completó correctamente. (0)
[2017.03.14-18.12.33:721][285]LogCrashTracker: 


[2017.03.14-18.12.33:721][285]LogWindows:Error: === Critical error: ===
[2017.03.14-18.12.33:721][285]LogWindows:Error: 
[2017.03.14-18.12.33:721][285]LogWindows:Error: Fatal error: [File:D:\Build\++UE4+Release-4.14+Compile\Sync\Engine\Source\Runtime\RenderCore\Private\RenderingThread.cpp] [Line: 791] 
[2017.03.14-18.12.33:721][285]LogWindows:Error: Rendering thread exception:
[2017.03.14-18.12.33:721][285]LogWindows:Error: Fatal error: [File:D:\Build\++UE4+Release-4.14+Compile\Sync\Engine\Source\Runtime\Windows\D3D11RHI\Private\D3D11Util.cpp] [Line: 176] 
[2017.03.14-18.12.33:721][285]LogWindows:Error: Unreal Engine is exiting due to D3D device being lost. (Error: 0x887A0006 - 'HUNG')
[2017.03.14-18.12.33:721][285]LogWindows:Error: 
[2017.03.14-18.12.33:721][285]LogWindows:Error: 
[2017.03.14-18.12.33:721][285]LogWindows:Error: KERNELBASE.dll
[2017.03.14-18.12.33:721][285]LogWindows:Error: UE4Editor-Core.dll!FOutputDeviceWindowsError::Serialize() [d:\build\++ue4+release-4.14+compile\sync\engine\source\runtime\core\private\windows\windowsplatformoutputdevices.cpp:103]
[2017.03.14-18.12.33:721][285]LogWindows:Error: UE4Editor-Core.dll!FOutputDevice::Logf__VA() [d:\build\++ue4+release-4.14+compile\sync\engine\source\runtime\core\private\misc\outputdevice.cpp:68]
[2017.03.14-18.12.33:721][285]LogWindows:Error: UE4Editor-Core.dll!FDebug::AssertFailed() [d:\build\++ue4+release-4.14+compile\sync\engine\source\runtime\core\private\misc\assertionmacros.cpp:332]
[2017.03.14-18.12.33:721][285]LogWindows:Error: UE4Editor-D3D11RHI.dll!TerminateOnDeviceRemoved() [d:\build\++ue4+release-4.14+compile\sync\engine\source\runtime\windows\d3d11rhi\private\d3d11util.cpp:176]
[2017.03.14-18.12.33:721][285]LogWindows:Error: UE4Editor-D3D11RHI.dll!VerifyD3D11Result() [d:\build\++ue4+release-4.14+compile\sync\engine\source\runtime\windows\d3d11rhi\private\d3d11util.cpp:225]
[2017.03.14-18.12.33:721][285]LogWindows:Error: UE4Editor-D3D11RHI.dll!FD3D11Viewport::PresentChecked() [d:\build\++ue4+release-4.14+compile\sync\engine\source\runtime\windows\d3d11rhi\private\d3d11viewport.cpp:275]
[2017.03.14-18.12.33:721][285]LogWindows:Error: UE4Editor-D3D11RHI.dll!FD3D11Viewport::Present() [d:\build\++ue4+release-4.14+compile\sync\engine\source\runtime\windows\d3d11rhi\private\d3d11viewport.cpp:458]
[2017.03.14-18.12.33:721][285]LogWindows:Error: UE4Editor-D3D11RHI.dll!FD3D11DynamicRHI::RHIEndDrawingViewport() [d:\build\++ue4+release-4.14+compile\sync\engine\source\runtime\windows\d3d11rhi\private\d3d11viewport.cpp:562]
[2017.03.14-18.12.33:722][285]LogWindows:Error: UE4Editor-RHI.dll!FRHICommandList::EndDrawingViewport() [d:\build\++ue4+release-4.14+compile\sync\engine\source\runtime\rhi\private\rhicommandlist.cpp:1347]
[2017.03.14-18.12.33:722][285]LogWindows:Error: UE4Editor-SlateRHIRenderer.dll!FSlateRHIRenderer::DrawWindow_RenderThread() [d:\build\++ue4+release-4.14+compile\sync\engine\source\runtime\slaterhirenderer\private\slaterhirenderer.cpp:486]
[2017.03.14-18.12.33:722][285]LogWindows:Error: UE4Editor-SlateRHIRenderer.dll!TGraphTask<`FSlateRHIRenderer::DrawWindows_Private'::`35'::EURCMacro_SlateDrawWindowsCommand>::ExecuteTask() [d:\build\++ue4+release-4.14+compile\sync\engine\source\runtime\core\public\async\taskgraphinterfaces.h:868]
[2017.03.14-18.12.33:722][285]LogWindows:Error: UE4Editor-Core.dll!FNamedTaskThread::ProcessTasksNamedThread() [d:\build\++ue4+release-4.14+compile\sync\engine\source\runtime\core\private\async\taskgraph.cpp:932]
[2017.03.14-18.12.33:722][285]LogWindows:Error: UE4Editor-Core.dll!FNamedTaskThread::ProcessTasksUntilQuit() [d:\build\++ue4+release-4.14+compile\sync\engine\source\runtime\core\private\async\taskgraph.cpp:679]
[2017.03.14-18.12.33:722][285]LogWindows:Error: UE4Editor-RenderCore.dll!RenderingThreadMain() [d:\build\++ue4+release-4.14+compile\sync\engine\source\runtime\rendercore\private\renderingthread.cpp:320]
[2017.03.14-18.12.33:722][285]LogWindows:Error: UE4Editor-RenderCore.dll!FRenderingThread::Run() [d:\build\++ue4+release-4.14+compile\sync\engine\source\runtime\rendercore\private\renderingthread.cpp:454]
[2017.03.14-18.12.33:722][285]LogWindows:Error: UE4Editor-Core.dll!FRunnableThreadWin::Run() [d:\build\++ue4+release-4.14+compile\sync\engine\source\runtime\core\private\windows\windowsrunnablethread.cpp:74]
[2017.03.14-18.12.33:722][285]LogWindows:Error: UE4Editor-Core.dll!FRunnableThreadWin::GuardedRun() [d:\build\++ue4+release-4.14+compile\sync\engine\source\runtime\core\private\windows\windowsrunnablethread.cpp:31]
[2017.03.14-18.12.33:722][285]LogWindows:Error: KERNEL32.DLL
[2017.03.14-18.12.33:722][285]LogWindows:Error: ntdll.dll
[2017.03.14-18.12.33:722][285]LogWindows:Error: ntdll.dll
[2017.03.14-18.12.33:722][285]LogWindows:Error: 
[2017.03.14-18.12.33:722][285]LogWindows:Error: 
[2017.03.14-18.12.33:722][285]LogWindows:Error: 
[2017.03.14-18.12.33:722][285]LogWindows:Error: 
[2017.03.14-18.12.33:756][285]LogExit: Executing StaticShutdownAfterError
[2017.03.14-18.12.33:764][285]LogWindows: FPlatformMisc::RequestExit(1)
[2017.03.14-18.12.33:764][285]Log file closed, 03/14/17 19:12:33
